#
# There is insufficient memory for the Java Runtime Environment to continue.
# Native memory allocation (mmap) failed to map 48234496 bytes for G1 virtual space
# Possible reasons:
#   The system is out of physical RAM or swap space
#   The process is running with CompressedOops enabled, and the Java Heap may be blocking the growth of the native heap
# Possible solutions:
#   Reduce memory load on the system
#   Increase physical memory or swap space
#   Check if swap backing store is full
#   Decrease Java heap size (-Xmx/-Xms)
#   Decrease number of Java threads
#   Decrease Java thread stack sizes (-Xss)
#   Set larger code cache with -XX:ReservedCodeCacheSize=
#   JVM is running with Unscaled Compressed Oops mode in which the Java heap is
#     placed in the first 4GB address space. The Java Heap base address is the
#     maximum limit for the native heap growth. Please use -XX:HeapBaseMinAddress
#     to set the Java Heap base and to place the Java Heap above 4GB virtual address.
# This output file may be truncated or incomplete.
#
#  Out of Memory Error (os_windows.cpp:3825), pid=21136, tid=27084
#
# JRE version: OpenJDK Runtime Environment (17.0.10) (build 17.0.10+0--11609105)
# Java VM: OpenJDK 64-Bit Server VM (17.0.10+0--11609105, mixed mode, tiered, compressed oops, compressed class ptrs, g1 gc, windows-amd64)
# No core dump will be written. Minidumps are not enabled by default on client versions of Windows
#

---------------  S U M M A R Y ------------

Command Line: --add-opens=java.base/java.util=ALL-UNNAMED --add-opens=java.base/java.lang=ALL-UNNAMED --add-opens=java.base/java.lang.invoke=ALL-UNNAMED --add-opens=java.prefs/java.util.prefs=ALL-UNNAMED --add-opens=java.base/java.nio.charset=ALL-UNNAMED --add-opens=java.base/java.net=ALL-UNNAMED --add-opens=java.base/java.util.concurrent.atomic=ALL-UNNAMED -Xmx2048m -Dfile.encoding=UTF-8 -Duser.country=ES -Duser.language=es -Duser.variant -javaagent:C:\Users\Usuario\.gradle\wrapper\dists\gradle-8.7-bin\bhs2wmbdwecv87pi65oeuq5iu\gradle-8.7\lib\agents\gradle-instrumentation-agent-8.7.jar org.gradle.launcher.daemon.bootstrap.GradleDaemon 8.7

Host: Intel(R) Core(TM) i7-6700HQ CPU @ 2.60GHz, 8 cores, 15G,  Windows 10 , 64 bit Build 19041 (10.0.19041.4597)
Time: Sun Jul 14 08:20:42 2024 Hora de verano romance elapsed time: 8.392284 seconds (0d 0h 0m 8s)

---------------  T H R E A D  ---------------

Current thread (0x000001dc7e5ce960):  VMThread "VM Thread" [stack: 0x000000351f800000,0x000000351f900000] [id=27084]

Stack: [0x000000351f800000,0x000000351f900000]
Native frames: (J=compiled Java code, j=interpreted, Vv=VM code, C=native code)
V  [jvm.dll+0x688de9]
V  [jvm.dll+0x8423da]
V  [jvm.dll+0x84401e]
V  [jvm.dll+0x844683]
V  [jvm.dll+0x24be0f]
V  [jvm.dll+0x685bb9]
V  [jvm.dll+0x67a46a]
V  [jvm.dll+0x30cbab]
V  [jvm.dll+0x314056]
V  [jvm.dll+0x363dce]
V  [jvm.dll+0x363fff]
V  [jvm.dll+0x2e2978]
V  [jvm.dll+0x2e0b54]
V  [jvm.dll+0x2e015c]
V  [jvm.dll+0x32502b]
V  [jvm.dll+0x848d7b]
V  [jvm.dll+0x849ac1]
V  [jvm.dll+0x849fdd]
V  [jvm.dll+0x84a3b4]
V  [jvm.dll+0x84a480]
V  [jvm.dll+0x7f0c7a]
V  [jvm.dll+0x687c65]
C  [ucrtbase.dll+0x21bb2]
C  [KERNEL32.DLL+0x17374]
C  [ntdll.dll+0x4cc91]

VM_Operation (0x00000035211f5f80): G1CollectForAllocation, mode: safepoint, requested by thread 0x000001dc7eea5250


---------------  P R O C E S S  ---------------

Threads class SMR info:
_java_thread_list=0x000001dc07666620, length=52, elements={
0x000001dc64733a00, 0x000001dc7e7454e0, 0x000001dc7e746230, 0x000001dc7e768f80,
0x000001dc7e7761f0, 0x000001dc7e77b2f0, 0x000001dc7e77bbc0, 0x000001dc7e78c300,
0x000001dc7e78ccc0, 0x000001dc7e795da0, 0x000001dc7e8b7340, 0x000001dc7e9d00d0,
0x000001dc057a3890, 0x000001dc04264820, 0x000001dc7ee58660, 0x000001dc0551bd30,
0x000001dc062d0210, 0x000001dc7eea2ee0, 0x000001dc7eea5250, 0x000001dc7eea33f0,
0x000001dc7eea29d0, 0x000001dc7eea5c70, 0x000001dc7eea4320, 0x000001dc7eea4830,
0x000001dc058c75b0, 0x000001dc063c4570, 0x000001dc058c6070, 0x000001dc063caab0,
0x000001dc063c8740, 0x000001dc063c4060, 0x000001dc063c54a0, 0x000001dc063c8c50,
0x000001dc063c9160, 0x000001dc063c59b0, 0x000001dc063c63d0, 0x000001dc063cb9e0,
0x000001dc063ca090, 0x000001dc063c6df0, 0x000001dc063ca5a0, 0x000001dc063c5ec0,
0x000001dc063c7d20, 0x000001dc063c68e0, 0x000001dc07f092a0, 0x000001dc07f09cc0,
0x000001dc07f07e60, 0x000001dc07f0a1d0, 0x000001dc07f0bb20, 0x000001dc07f0a6e0,
0x000001dc07f0e3a0, 0x000001dc07f08d90, 0x000001dc07f0d980, 0x000001dc07f0b100
}

Java Threads: ( => current thread )
  0x000001dc64733a00 JavaThread "main" [_thread_blocked, id=24636, stack(0x000000351f200000,0x000000351f300000)]
  0x000001dc7e7454e0 JavaThread "Reference Handler" daemon [_thread_blocked, id=23336, stack(0x000000351f900000,0x000000351fa00000)]
  0x000001dc7e746230 JavaThread "Finalizer" daemon [_thread_blocked, id=17248, stack(0x000000351fa00000,0x000000351fb00000)]
  0x000001dc7e768f80 JavaThread "Signal Dispatcher" daemon [_thread_blocked, id=24672, stack(0x000000351fb00000,0x000000351fc00000)]
  0x000001dc7e7761f0 JavaThread "Attach Listener" daemon [_thread_blocked, id=27492, stack(0x000000351fc00000,0x000000351fd00000)]
  0x000001dc7e77b2f0 JavaThread "Service Thread" daemon [_thread_blocked, id=21984, stack(0x000000351fd00000,0x000000351fe00000)]
  0x000001dc7e77bbc0 JavaThread "Monitor Deflation Thread" daemon [_thread_blocked, id=17872, stack(0x000000351fe00000,0x000000351ff00000)]
  0x000001dc7e78c300 JavaThread "C2 CompilerThread0" daemon [_thread_blocked, id=25372, stack(0x000000351ff00000,0x0000003520000000)]
  0x000001dc7e78ccc0 JavaThread "C1 CompilerThread0" daemon [_thread_blocked, id=3976, stack(0x0000003520000000,0x0000003520100000)]
  0x000001dc7e795da0 JavaThread "Sweeper thread" daemon [_thread_blocked, id=3824, stack(0x0000003520100000,0x0000003520200000)]
  0x000001dc7e8b7340 JavaThread "Common-Cleaner" daemon [_thread_blocked, id=23348, stack(0x0000003520200000,0x0000003520300000)]
  0x000001dc7e9d00d0 JavaThread "Notification Thread" daemon [_thread_blocked, id=26228, stack(0x0000003520300000,0x0000003520400000)]
  0x000001dc057a3890 JavaThread "Daemon health stats" [_thread_blocked, id=15448, stack(0x0000003520c00000,0x0000003520d00000)]
  0x000001dc04264820 JavaThread "Incoming local TCP Connector on port 64170" [_thread_in_native, id=21212, stack(0x0000003520500000,0x0000003520600000)]
  0x000001dc7ee58660 JavaThread "Daemon periodic checks" [_thread_blocked, id=25860, stack(0x0000003520600000,0x0000003520700000)]
  0x000001dc0551bd30 JavaThread "Daemon" [_thread_blocked, id=22468, stack(0x0000003520e00000,0x0000003520f00000)]
  0x000001dc062d0210 JavaThread "Handler for socket connection from /127.0.0.1:64170 to /127.0.0.1:64171" [_thread_in_native, id=27424, stack(0x0000003520f00000,0x0000003521000000)]
  0x000001dc7eea2ee0 JavaThread "Cancel handler" [_thread_blocked, id=17264, stack(0x0000003521000000,0x0000003521100000)]
  0x000001dc7eea5250 JavaThread "Daemon worker" [_thread_blocked, id=25916, stack(0x0000003521100000,0x0000003521200000)]
  0x000001dc7eea33f0 JavaThread "Asynchronous log dispatcher for DefaultDaemonConnection: socket connection from /127.0.0.1:64170 to /127.0.0.1:64171" [_thread_blocked, id=23936, stack(0x0000003521200000,0x0000003521300000)]
  0x000001dc7eea29d0 JavaThread "Stdin handler" [_thread_blocked, id=9652, stack(0x0000003521300000,0x0000003521400000)]
  0x000001dc7eea5c70 JavaThread "Daemon client event forwarder" [_thread_blocked, id=2936, stack(0x0000003521400000,0x0000003521500000)]
  0x000001dc7eea4320 JavaThread "Cache worker for journal cache (C:\Users\Usuario\.gradle\caches\journal-1)" [_thread_blocked, id=25164, stack(0x0000003520d00000,0x0000003520e00000)]
  0x000001dc7eea4830 JavaThread "File lock request listener" [_thread_in_native, id=10408, stack(0x0000003521800000,0x0000003521900000)]
  0x000001dc058c75b0 JavaThread "C2 CompilerThread1" daemon [_thread_blocked, id=18828, stack(0x0000003521900000,0x0000003521a00000)]
  0x000001dc063c4570 JavaThread "Cache worker for file hash cache (C:\Users\Usuario\.gradle\caches\8.7\fileHashes)" [_thread_blocked, id=4432, stack(0x0000003521a00000,0x0000003521b00000)]
  0x000001dc058c6070 JavaThread "C2 CompilerThread2" daemon [_thread_blocked, id=11836, stack(0x0000003521b00000,0x0000003521c00000)]
  0x000001dc063caab0 JavaThread "Cache worker for file hash cache (D:\androd_studio\Fountain-Of-Wishes\.gradle\8.7\fileHashes)" [_thread_blocked, id=14088, stack(0x0000003521c00000,0x0000003521d00000)]
  0x000001dc063c8740 JavaThread "File watcher server" daemon [_thread_blocked, id=10656, stack(0x0000003521d00000,0x0000003521e00000)]
  0x000001dc063c4060 JavaThread "File watcher consumer" daemon [_thread_blocked, id=1216, stack(0x0000003521e00000,0x0000003521f00000)]
  0x000001dc063c54a0 JavaThread "jar transforms" [_thread_blocked, id=3352, stack(0x0000003521f00000,0x0000003522000000)]
  0x000001dc063c8c50 JavaThread "jar transforms Thread 2" [_thread_blocked, id=27528, stack(0x0000003522000000,0x0000003522100000)]
  0x000001dc063c9160 JavaThread "jar transforms Thread 3" [_thread_blocked, id=25524, stack(0x0000003522100000,0x0000003522200000)]
  0x000001dc063c59b0 JavaThread "jar transforms Thread 4" [_thread_blocked, id=7448, stack(0x0000003522200000,0x0000003522300000)]
  0x000001dc063c63d0 JavaThread "jar transforms Thread 5" [_thread_blocked, id=23904, stack(0x0000003522300000,0x0000003522400000)]
  0x000001dc063cb9e0 JavaThread "jar transforms Thread 6" [_thread_blocked, id=8116, stack(0x0000003522400000,0x0000003522500000)]
  0x000001dc063ca090 JavaThread "jar transforms Thread 7" [_thread_blocked, id=25940, stack(0x0000003522500000,0x0000003522600000)]
  0x000001dc063c6df0 JavaThread "jar transforms Thread 8" [_thread_blocked, id=12048, stack(0x0000003522600000,0x0000003522700000)]
  0x000001dc063ca5a0 JavaThread "Cache worker for checksums cache (D:\androd_studio\Fountain-Of-Wishes\.gradle\8.7\checksums)" [_thread_blocked, id=26544, stack(0x0000003522700000,0x0000003522800000)]
  0x000001dc063c5ec0 JavaThread "Cache worker for cache directory md-supplier (C:\Users\Usuario\.gradle\caches\8.7\md-supplier)" [_thread_blocked, id=2524, stack(0x0000003522800000,0x0000003522900000)]
  0x000001dc063c7d20 JavaThread "Cache worker for cache directory md-rule (C:\Users\Usuario\.gradle\caches\8.7\md-rule)" [_thread_blocked, id=26356, stack(0x0000003522900000,0x0000003522a00000)]
  0x000001dc063c68e0 JavaThread "Cache worker for file content cache (C:\Users\Usuario\.gradle\caches\8.7\fileContent)" [_thread_blocked, id=23236, stack(0x0000003522a00000,0x0000003522b00000)]
  0x000001dc07f092a0 JavaThread "Unconstrained build operations" [_thread_blocked, id=26484, stack(0x0000003522b00000,0x0000003522c00000)]
  0x000001dc07f09cc0 JavaThread "Unconstrained build operations Thread 2" [_thread_blocked, id=25024, stack(0x0000003522c00000,0x0000003522d00000)]
  0x000001dc07f07e60 JavaThread "Unconstrained build operations Thread 3" [_thread_blocked, id=26124, stack(0x0000003522d00000,0x0000003522e00000)]
  0x000001dc07f0a1d0 JavaThread "Unconstrained build operations Thread 4" [_thread_blocked, id=26336, stack(0x0000003522e00000,0x0000003522f00000)]
  0x000001dc07f0bb20 JavaThread "Unconstrained build operations Thread 5" [_thread_blocked, id=12412, stack(0x0000003522f00000,0x0000003523000000)]
  0x000001dc07f0a6e0 JavaThread "Unconstrained build operations Thread 6" [_thread_blocked, id=25496, stack(0x0000003523000000,0x0000003523100000)]
  0x000001dc07f0e3a0 JavaThread "Unconstrained build operations Thread 7" [_thread_blocked, id=17692, stack(0x0000003523100000,0x0000003523200000)]
  0x000001dc07f08d90 JavaThread "Unconstrained build operations Thread 8" [_thread_blocked, id=4348, stack(0x0000003523200000,0x0000003523300000)]
  0x000001dc07f0d980 JavaThread "Unconstrained build operations Thread 9" [_thread_blocked, id=22852, stack(0x0000003523300000,0x0000003523400000)]
  0x000001dc07f0b100 JavaThread "Cache worker for Build Output Cleanup Cache (D:\androd_studio\Fountain-Of-Wishes\.gradle\buildOutputCleanup)" [_thread_blocked, id=22356, stack(0x0000003523400000,0x0000003523500000)]

Other Threads:
=>0x000001dc7e5ce960 VMThread "VM Thread" [stack: 0x000000351f800000,0x000000351f900000] [id=27084]
  0x000001dc647348d0 WatcherThread [stack: 0x0000003520400000,0x0000003520500000] [id=1140]
  0x000001dc6478e5c0 GCTaskThread "GC Thread#0" [stack: 0x000000351f300000,0x000000351f400000] [id=5232]
  0x000001dc7f3c1430 GCTaskThread "GC Thread#1" [stack: 0x0000003520700000,0x0000003520800000] [id=17972]
  0x000001dc04bcdc40 GCTaskThread "GC Thread#2" [stack: 0x0000003520800000,0x0000003520900000] [id=16628]
  0x000001dc04bcdf00 GCTaskThread "GC Thread#3" [stack: 0x0000003520900000,0x0000003520a00000] [id=27544]
  0x000001dc04bce1c0 GCTaskThread "GC Thread#4" [stack: 0x0000003520a00000,0x0000003520b00000] [id=8000]
  0x000001dc04b80b50 GCTaskThread "GC Thread#5" [stack: 0x0000003520b00000,0x0000003520c00000] [id=19008]
  0x000001dc062d0b00 GCTaskThread "GC Thread#6" [stack: 0x0000003521500000,0x0000003521600000] [id=22420]
  0x000001dc057fbbb0 GCTaskThread "GC Thread#7" [stack: 0x0000003521600000,0x0000003521700000] [id=8580]
  0x000001dc6479f420 ConcurrentGCThread "G1 Main Marker" [stack: 0x000000351f400000,0x000000351f500000] [id=24524]
  0x000001dc647a0b00 ConcurrentGCThread "G1 Conc#0" [stack: 0x000000351f500000,0x000000351f600000] [id=26408]
  0x000001dc05017370 ConcurrentGCThread "G1 Conc#1" [stack: 0x0000003521700000,0x0000003521800000] [id=8404]
  0x000001dc7e462580 ConcurrentGCThread "G1 Refine#0" [stack: 0x000000351f600000,0x000000351f700000] [id=18172]
  0x000001dc7e462c60 ConcurrentGCThread "G1 Service" [stack: 0x000000351f700000,0x000000351f800000] [id=21812]

Threads with active compile tasks:
C1 CompilerThread0     8432 5933       3       java.util.LinkedList::addAll (182 bytes)

VM state: at safepoint (normal execution)

VM Mutex/Monitor currently owned by a thread:  ([mutex/lock_event])
[0x000001dc64731080] Threads_lock - owner thread: 0x000001dc7e5ce960
[0x000001dc64730db0] Heap_lock - owner thread: 0x000001dc7eea5250

Heap address: 0x0000000080000000, size: 2048 MB, Compressed Oops mode: 32-bit

CDS archive(s) not mapped
Compressed class space mapped at: 0x0000000100000000-0x0000000140000000, reserved size: 1073741824
Narrow klass base: 0x0000000000000000, Narrow klass shift: 3, Narrow klass range: 0x140000000

GC Precious Log:
 CPUs: 8 total, 8 available
 Memory: 16273M
 Large Page Support: Disabled
 NUMA Support: Disabled
 Compressed Oops: Enabled (32-bit)
 Heap Region Size: 1M
 Heap Min Capacity: 8M
 Heap Initial Capacity: 256M
 Heap Max Capacity: 2G
 Pre-touch: Disabled
 Parallel Workers: 8
 Concurrent Workers: 2
 Concurrent Refinement Workers: 8
 Periodic GC: Disabled

Heap:
 garbage-first heap   total 210944K, used 76100K [0x0000000080000000, 0x0000000100000000)
  region size 1024K, 3 young (3072K), 3 survivors (3072K)
 Metaspace       used 59924K, committed 60544K, reserved 1114112K
  class space    used 8219K, committed 8512K, reserved 1048576K

Heap Regions: E=young(eden), S=young(survivor), O=old, HS=humongous(starts), HC=humongous(continues), CS=collection set, F=free, OA=open archive, CA=closed archive, TAMS=top-at-mark-start (previous, next)
|   0|0x0000000080000000, 0x0000000080100000, 0x0000000080100000|100%|HS|  |TAMS 0x0000000080100000, 0x0000000080100000| Complete 
|   1|0x0000000080100000, 0x0000000080200000, 0x0000000080200000|100%|HC|  |TAMS 0x0000000080200000, 0x0000000080200000| Complete 
|   2|0x0000000080200000, 0x0000000080300000, 0x0000000080300000|100%|HC|  |TAMS 0x0000000080300000, 0x0000000080300000| Complete 
|   3|0x0000000080300000, 0x0000000080400000, 0x0000000080400000|100%|HC|  |TAMS 0x0000000080400000, 0x0000000080400000| Complete 
|   4|0x0000000080400000, 0x0000000080500000, 0x0000000080500000|100%| O|  |TAMS 0x0000000080500000, 0x0000000080500000| Untracked 
|   5|0x0000000080500000, 0x0000000080600000, 0x0000000080600000|100%| O|  |TAMS 0x0000000080600000, 0x0000000080600000| Untracked 
|   6|0x0000000080600000, 0x0000000080700000, 0x0000000080700000|100%| O|  |TAMS 0x0000000080700000, 0x0000000080700000| Untracked 
|   7|0x0000000080700000, 0x0000000080800000, 0x0000000080800000|100%| O|  |TAMS 0x0000000080800000, 0x0000000080800000| Untracked 
|   8|0x0000000080800000, 0x0000000080900000, 0x0000000080900000|100%| O|  |TAMS 0x0000000080900000, 0x0000000080900000| Untracked 
|   9|0x0000000080900000, 0x0000000080a00000, 0x0000000080a00000|100%| O|  |TAMS 0x0000000080a00000, 0x0000000080a00000| Untracked 
|  10|0x0000000080a00000, 0x0000000080b00000, 0x0000000080b00000|100%| O|  |TAMS 0x0000000080b00000, 0x0000000080b00000| Untracked 
|  11|0x0000000080b00000, 0x0000000080c00000, 0x0000000080c00000|100%| O|  |TAMS 0x0000000080c00000, 0x0000000080c00000| Untracked 
|  12|0x0000000080c00000, 0x0000000080d00000, 0x0000000080d00000|100%| O|  |TAMS 0x0000000080d00000, 0x0000000080d00000| Untracked 
|  13|0x0000000080d00000, 0x0000000080e00000, 0x0000000080e00000|100%| O|  |TAMS 0x0000000080e00000, 0x0000000080e00000| Untracked 
|  14|0x0000000080e00000, 0x0000000080e00000, 0x0000000080f00000|  0%| F|  |TAMS 0x0000000080e00000, 0x0000000080e00000| Untracked 
|  15|0x0000000080f00000, 0x0000000081000000, 0x0000000081000000|100%| O|  |TAMS 0x0000000081000000, 0x0000000081000000| Untracked 
|  16|0x0000000081000000, 0x0000000081100000, 0x0000000081100000|100%| O|  |TAMS 0x0000000081100000, 0x0000000081100000| Untracked 
|  17|0x0000000081100000, 0x0000000081200000, 0x0000000081200000|100%| O|  |TAMS 0x0000000081200000, 0x0000000081200000| Untracked 
|  18|0x0000000081200000, 0x0000000081300000, 0x0000000081300000|100%| O|  |TAMS 0x0000000081300000, 0x0000000081300000| Untracked 
|  19|0x0000000081300000, 0x0000000081400000, 0x0000000081400000|100%| O|  |TAMS 0x0000000081400000, 0x0000000081400000| Untracked 
|  20|0x0000000081400000, 0x0000000081500000, 0x0000000081500000|100%| O|  |TAMS 0x0000000081500000, 0x0000000081500000| Untracked 
|  21|0x0000000081500000, 0x0000000081600000, 0x0000000081600000|100%| O|  |TAMS 0x0000000081600000, 0x0000000081600000| Untracked 
|  22|0x0000000081600000, 0x0000000081700000, 0x0000000081700000|100%|HS|  |TAMS 0x0000000081700000, 0x0000000081700000| Complete 
|  23|0x0000000081700000, 0x0000000081800000, 0x0000000081800000|100%|HC|  |TAMS 0x0000000081800000, 0x0000000081800000| Complete 
|  24|0x0000000081800000, 0x0000000081900000, 0x0000000081900000|100%|HC|  |TAMS 0x0000000081900000, 0x0000000081900000| Complete 
|  25|0x0000000081900000, 0x0000000081a00000, 0x0000000081a00000|100%|HC|  |TAMS 0x0000000081a00000, 0x0000000081a00000| Complete 
|  26|0x0000000081a00000, 0x0000000081b00000, 0x0000000081b00000|100%|HC|  |TAMS 0x0000000081b00000, 0x0000000081b00000| Complete 
|  27|0x0000000081b00000, 0x0000000081c00000, 0x0000000081c00000|100%|HS|  |TAMS 0x0000000081c00000, 0x0000000081c00000| Complete 
|  28|0x0000000081c00000, 0x0000000081d00000, 0x0000000081d00000|100%|HC|  |TAMS 0x0000000081d00000, 0x0000000081d00000| Complete 
|  29|0x0000000081d00000, 0x0000000081e00000, 0x0000000081e00000|100%|HC|  |TAMS 0x0000000081e00000, 0x0000000081e00000| Complete 
|  30|0x0000000081e00000, 0x0000000081f00000, 0x0000000081f00000|100%|HS|  |TAMS 0x0000000081f00000, 0x0000000081f00000| Complete 
|  31|0x0000000081f00000, 0x0000000082000000, 0x0000000082000000|100%|HC|  |TAMS 0x0000000082000000, 0x0000000082000000| Complete 
|  32|0x0000000082000000, 0x0000000082100000, 0x0000000082100000|100%|HC|  |TAMS 0x0000000082100000, 0x0000000082100000| Complete 
|  33|0x0000000082100000, 0x0000000082200000, 0x0000000082200000|100%| O|  |TAMS 0x0000000082200000, 0x0000000082200000| Untracked 
|  34|0x0000000082200000, 0x0000000082300000, 0x0000000082300000|100%| O|  |TAMS 0x0000000082300000, 0x0000000082300000| Untracked 
|  35|0x0000000082300000, 0x0000000082400000, 0x0000000082400000|100%| O|  |TAMS 0x0000000082400000, 0x0000000082400000| Untracked 
|  36|0x0000000082400000, 0x0000000082500000, 0x0000000082500000|100%| O|  |TAMS 0x0000000082500000, 0x0000000082500000| Untracked 
|  37|0x0000000082500000, 0x0000000082600000, 0x0000000082600000|100%|HS|  |TAMS 0x0000000082600000, 0x0000000082600000| Complete 
|  38|0x0000000082600000, 0x0000000082700000, 0x0000000082700000|100%| O|  |TAMS 0x0000000082700000, 0x0000000082700000| Untracked 
|  39|0x0000000082700000, 0x0000000082800000, 0x0000000082800000|100%| O|  |TAMS 0x0000000082800000, 0x0000000082800000| Untracked 
|  40|0x0000000082800000, 0x0000000082900000, 0x0000000082900000|100%| O|  |TAMS 0x0000000082800000, 0x0000000082900000| Untracked 
|  41|0x0000000082900000, 0x0000000082a00000, 0x0000000082a00000|100%|HS|  |TAMS 0x0000000082a00000, 0x0000000082a00000| Complete 
|  42|0x0000000082a00000, 0x0000000082b00000, 0x0000000082b00000|100%|HC|  |TAMS 0x0000000082b00000, 0x0000000082b00000| Complete 
|  43|0x0000000082b00000, 0x0000000082c00000, 0x0000000082c00000|100%|HC|  |TAMS 0x0000000082c00000, 0x0000000082c00000| Complete 
|  44|0x0000000082c00000, 0x0000000082d00000, 0x0000000082d00000|100%| O|  |TAMS 0x0000000082d00000, 0x0000000082d00000| Untracked 
|  45|0x0000000082d00000, 0x0000000082e00000, 0x0000000082e00000|100%| O|  |TAMS 0x0000000082e00000, 0x0000000082e00000| Untracked 
|  46|0x0000000082e00000, 0x0000000082f00000, 0x0000000082f00000|100%| O|  |TAMS 0x0000000082f00000, 0x0000000082f00000| Untracked 
|  47|0x0000000082f00000, 0x0000000083000000, 0x0000000083000000|100%| O|  |TAMS 0x0000000083000000, 0x0000000083000000| Untracked 
|  48|0x0000000083000000, 0x0000000083100000, 0x0000000083100000|100%| O|  |TAMS 0x0000000083100000, 0x0000000083100000| Untracked 
|  49|0x0000000083100000, 0x0000000083200000, 0x0000000083200000|100%| O|  |TAMS 0x0000000083200000, 0x0000000083200000| Untracked 
|  50|0x0000000083200000, 0x0000000083300000, 0x0000000083300000|100%| O|  |TAMS 0x0000000083300000, 0x0000000083300000| Untracked 
|  51|0x0000000083300000, 0x0000000083400000, 0x0000000083400000|100%| O|  |TAMS 0x0000000083400000, 0x0000000083400000| Untracked 
|  52|0x0000000083400000, 0x0000000083500000, 0x0000000083500000|100%| O|  |TAMS 0x0000000083500000, 0x0000000083500000| Untracked 
|  53|0x0000000083500000, 0x0000000083600000, 0x0000000083600000|100%| O|  |TAMS 0x0000000083600000, 0x0000000083600000| Untracked 
|  54|0x0000000083600000, 0x0000000083700000, 0x0000000083700000|100%|HS|  |TAMS 0x0000000083700000, 0x0000000083700000| Complete 
|  55|0x0000000083700000, 0x0000000083800000, 0x0000000083800000|100%|HC|  |TAMS 0x0000000083800000, 0x0000000083800000| Complete 
|  56|0x0000000083800000, 0x0000000083900000, 0x0000000083900000|100%|HC|  |TAMS 0x0000000083900000, 0x0000000083900000| Complete 
|  57|0x0000000083900000, 0x0000000083a00000, 0x0000000083a00000|100%|HC|  |TAMS 0x0000000083a00000, 0x0000000083a00000| Complete 
|  58|0x0000000083a00000, 0x0000000083b00000, 0x0000000083b00000|100%|HC|  |TAMS 0x0000000083b00000, 0x0000000083b00000| Complete 
|  59|0x0000000083b00000, 0x0000000083c00000, 0x0000000083c00000|100%|HS|  |TAMS 0x0000000083c00000, 0x0000000083c00000| Complete 
|  60|0x0000000083c00000, 0x0000000083d00000, 0x0000000083d00000|100%|HC|  |TAMS 0x0000000083d00000, 0x0000000083d00000| Complete 
|  61|0x0000000083d00000, 0x0000000083e00000, 0x0000000083e00000|100%|HC|  |TAMS 0x0000000083e00000, 0x0000000083e00000| Complete 
|  62|0x0000000083e00000, 0x0000000083f00000, 0x0000000083f00000|100%|HC|  |TAMS 0x0000000083f00000, 0x0000000083f00000| Complete 
|  63|0x0000000083f00000, 0x0000000084000000, 0x0000000084000000|100%|HC|  |TAMS 0x0000000084000000, 0x0000000084000000| Complete 
|  64|0x0000000084000000, 0x0000000084100000, 0x0000000084100000|100%| O|  |TAMS 0x0000000084100000, 0x0000000084100000| Untracked 
|  65|0x0000000084100000, 0x0000000084200000, 0x0000000084200000|100%| O|  |TAMS 0x0000000084200000, 0x0000000084200000| Untracked 
|  66|0x0000000084200000, 0x0000000084300000, 0x0000000084300000|100%| O|  |TAMS 0x0000000084300000, 0x0000000084300000| Untracked 
|  67|0x0000000084300000, 0x0000000084400000, 0x0000000084400000|100%| O|  |TAMS 0x0000000084400000, 0x0000000084400000| Untracked 
|  68|0x0000000084400000, 0x0000000084500000, 0x0000000084500000|100%| O|  |TAMS 0x0000000084500000, 0x0000000084500000| Untracked 
|  69|0x0000000084500000, 0x0000000084600000, 0x0000000084600000|100%| O|  |TAMS 0x000000008450c600, 0x0000000084600000| Untracked 
|  70|0x0000000084600000, 0x0000000084700000, 0x0000000084700000|100%| O|  |TAMS 0x0000000084600000, 0x0000000084700000| Untracked 
|  71|0x0000000084700000, 0x00000000847ffff8, 0x0000000084800000| 99%| O|  |TAMS 0x0000000084700000, 0x00000000847ffff8| Untracked 
|  72|0x0000000084800000, 0x00000000848a7e00, 0x0000000084900000| 65%| O|  |TAMS 0x0000000084800000, 0x00000000848a7e00| Untracked 
|  73|0x0000000084900000, 0x0000000084900000, 0x0000000084a00000|  0%| F|  |TAMS 0x0000000084900000, 0x0000000084900000| Untracked 
|  74|0x0000000084a00000, 0x0000000084a00000, 0x0000000084b00000|  0%| F|  |TAMS 0x0000000084a00000, 0x0000000084a00000| Untracked 
|  75|0x0000000084b00000, 0x0000000084b00000, 0x0000000084c00000|  0%| F|  |TAMS 0x0000000084b00000, 0x0000000084b00000| Untracked 
|  76|0x0000000084c00000, 0x0000000084c00000, 0x0000000084d00000|  0%| F|  |TAMS 0x0000000084c00000, 0x0000000084c00000| Untracked 
|  77|0x0000000084d00000, 0x0000000084d00000, 0x0000000084e00000|  0%| F|  |TAMS 0x0000000084d00000, 0x0000000084d00000| Untracked 
|  78|0x0000000084e00000, 0x0000000084e00000, 0x0000000084f00000|  0%| F|  |TAMS 0x0000000084e00000, 0x0000000084e00000| Untracked 
|  79|0x0000000084f00000, 0x0000000084f00000, 0x0000000085000000|  0%| F|  |TAMS 0x0000000084f00000, 0x0000000084f00000| Untracked 
|  80|0x0000000085000000, 0x0000000085000000, 0x0000000085100000|  0%| F|  |TAMS 0x0000000085000000, 0x0000000085000000| Untracked 
|  81|0x0000000085100000, 0x0000000085100000, 0x0000000085200000|  0%| F|  |TAMS 0x0000000085100000, 0x0000000085100000| Untracked 
|  82|0x0000000085200000, 0x0000000085200000, 0x0000000085300000|  0%| F|  |TAMS 0x0000000085200000, 0x0000000085200000| Untracked 
|  83|0x0000000085300000, 0x0000000085300000, 0x0000000085400000|  0%| F|  |TAMS 0x0000000085300000, 0x0000000085300000| Untracked 
|  84|0x0000000085400000, 0x0000000085400000, 0x0000000085500000|  0%| F|  |TAMS 0x0000000085400000, 0x0000000085400000| Untracked 
|  85|0x0000000085500000, 0x0000000085500000, 0x0000000085600000|  0%| F|  |TAMS 0x0000000085500000, 0x0000000085500000| Untracked 
|  86|0x0000000085600000, 0x0000000085600000, 0x0000000085700000|  0%| F|  |TAMS 0x0000000085600000, 0x0000000085600000| Untracked 
|  87|0x0000000085700000, 0x0000000085700000, 0x0000000085800000|  0%| F|  |TAMS 0x0000000085700000, 0x0000000085700000| Untracked 
|  88|0x0000000085800000, 0x0000000085800000, 0x0000000085900000|  0%| F|  |TAMS 0x0000000085800000, 0x0000000085800000| Untracked 
|  89|0x0000000085900000, 0x0000000085900000, 0x0000000085a00000|  0%| F|  |TAMS 0x0000000085900000, 0x0000000085900000| Untracked 
|  90|0x0000000085a00000, 0x0000000085a00000, 0x0000000085b00000|  0%| F|  |TAMS 0x0000000085a00000, 0x0000000085a00000| Untracked 
|  91|0x0000000085b00000, 0x0000000085b00000, 0x0000000085c00000|  0%| F|  |TAMS 0x0000000085b00000, 0x0000000085b00000| Untracked 
|  92|0x0000000085c00000, 0x0000000085c00000, 0x0000000085d00000|  0%| F|  |TAMS 0x0000000085c00000, 0x0000000085c00000| Untracked 
|  93|0x0000000085d00000, 0x0000000085d00000, 0x0000000085e00000|  0%| F|  |TAMS 0x0000000085d00000, 0x0000000085d00000| Untracked 
|  94|0x0000000085e00000, 0x0000000085e00000, 0x0000000085f00000|  0%| F|  |TAMS 0x0000000085e00000, 0x0000000085e00000| Untracked 
|  95|0x0000000085f00000, 0x0000000085fa9300, 0x0000000086000000| 66%| S|CS|TAMS 0x0000000085f00000, 0x0000000085f00000| Complete 
|  96|0x0000000086000000, 0x0000000086100000, 0x0000000086100000|100%| S|CS|TAMS 0x0000000086000000, 0x0000000086000000| Complete 
|  97|0x0000000086100000, 0x0000000086200000, 0x0000000086200000|100%| S|CS|TAMS 0x0000000086100000, 0x0000000086100000| Complete 
|  98|0x0000000086200000, 0x0000000086200000, 0x0000000086300000|  0%| F|  |TAMS 0x0000000086200000, 0x0000000086200000| Untracked 
|  99|0x0000000086300000, 0x0000000086300000, 0x0000000086400000|  0%| F|  |TAMS 0x0000000086300000, 0x0000000086300000| Untracked 
| 100|0x0000000086400000, 0x0000000086400000, 0x0000000086500000|  0%| F|  |TAMS 0x0000000086400000, 0x0000000086400000| Untracked 
| 101|0x0000000086500000, 0x0000000086500000, 0x0000000086600000|  0%| F|  |TAMS 0x0000000086500000, 0x0000000086500000| Untracked 
| 102|0x0000000086600000, 0x0000000086600000, 0x0000000086700000|  0%| F|  |TAMS 0x0000000086600000, 0x0000000086600000| Untracked 
| 103|0x0000000086700000, 0x0000000086700000, 0x0000000086800000|  0%| F|  |TAMS 0x0000000086700000, 0x0000000086700000| Untracked 
| 104|0x0000000086800000, 0x0000000086800000, 0x0000000086900000|  0%| F|  |TAMS 0x0000000086800000, 0x0000000086800000| Untracked 
| 105|0x0000000086900000, 0x0000000086900000, 0x0000000086a00000|  0%| F|  |TAMS 0x0000000086900000, 0x0000000086900000| Untracked 
| 106|0x0000000086a00000, 0x0000000086a00000, 0x0000000086b00000|  0%| F|  |TAMS 0x0000000086a00000, 0x0000000086a00000| Untracked 
| 107|0x0000000086b00000, 0x0000000086b00000, 0x0000000086c00000|  0%| F|  |TAMS 0x0000000086b00000, 0x0000000086b00000| Untracked 
| 108|0x0000000086c00000, 0x0000000086c00000, 0x0000000086d00000|  0%| F|  |TAMS 0x0000000086c00000, 0x0000000086c00000| Untracked 
| 109|0x0000000086d00000, 0x0000000086d00000, 0x0000000086e00000|  0%| F|  |TAMS 0x0000000086d00000, 0x0000000086d00000| Untracked 
| 110|0x0000000086e00000, 0x0000000086e00000, 0x0000000086f00000|  0%| F|  |TAMS 0x0000000086e00000, 0x0000000086e00000| Untracked 
| 111|0x0000000086f00000, 0x0000000086f00000, 0x0000000087000000|  0%| F|  |TAMS 0x0000000086f00000, 0x0000000086f00000| Untracked 
| 112|0x0000000087000000, 0x0000000087000000, 0x0000000087100000|  0%| F|  |TAMS 0x0000000087000000, 0x0000000087000000| Untracked 
| 113|0x0000000087100000, 0x0000000087100000, 0x0000000087200000|  0%| F|  |TAMS 0x0000000087100000, 0x0000000087100000| Untracked 
| 114|0x0000000087200000, 0x0000000087200000, 0x0000000087300000|  0%| F|  |TAMS 0x0000000087200000, 0x0000000087200000| Untracked 
| 115|0x0000000087300000, 0x0000000087300000, 0x0000000087400000|  0%| F|  |TAMS 0x0000000087300000, 0x0000000087300000| Untracked 
| 116|0x0000000087400000, 0x0000000087400000, 0x0000000087500000|  0%| F|  |TAMS 0x0000000087400000, 0x0000000087400000| Untracked 
| 117|0x0000000087500000, 0x0000000087500000, 0x0000000087600000|  0%| F|  |TAMS 0x0000000087500000, 0x0000000087500000| Untracked 
| 118|0x0000000087600000, 0x0000000087600000, 0x0000000087700000|  0%| F|  |TAMS 0x0000000087600000, 0x0000000087600000| Untracked 
| 119|0x0000000087700000, 0x0000000087700000, 0x0000000087800000|  0%| F|  |TAMS 0x0000000087700000, 0x0000000087700000| Untracked 
| 120|0x0000000087800000, 0x0000000087800000, 0x0000000087900000|  0%| F|  |TAMS 0x0000000087800000, 0x0000000087800000| Untracked 
| 121|0x0000000087900000, 0x0000000087900000, 0x0000000087a00000|  0%| F|  |TAMS 0x0000000087900000, 0x0000000087900000| Untracked 
| 122|0x0000000087a00000, 0x0000000087a00000, 0x0000000087b00000|  0%| F|  |TAMS 0x0000000087a00000, 0x0000000087a00000| Untracked 
| 123|0x0000000087b00000, 0x0000000087b00000, 0x0000000087c00000|  0%| F|  |TAMS 0x0000000087b00000, 0x0000000087b00000| Untracked 
| 124|0x0000000087c00000, 0x0000000087c00000, 0x0000000087d00000|  0%| F|  |TAMS 0x0000000087c00000, 0x0000000087c00000| Untracked 
| 125|0x0000000087d00000, 0x0000000087d00000, 0x0000000087e00000|  0%| F|  |TAMS 0x0000000087d00000, 0x0000000087d00000| Untracked 
| 126|0x0000000087e00000, 0x0000000087e00000, 0x0000000087f00000|  0%| F|  |TAMS 0x0000000087e00000, 0x0000000087e00000| Untracked 
| 127|0x0000000087f00000, 0x0000000087f00000, 0x0000000088000000|  0%| F|  |TAMS 0x0000000087f00000, 0x0000000087f00000| Untracked 
| 128|0x0000000088000000, 0x0000000088000000, 0x0000000088100000|  0%| F|  |TAMS 0x0000000088000000, 0x0000000088000000| Untracked 
| 129|0x0000000088100000, 0x0000000088100000, 0x0000000088200000|  0%| F|  |TAMS 0x0000000088100000, 0x0000000088100000| Untracked 
| 130|0x0000000088200000, 0x0000000088200000, 0x0000000088300000|  0%| F|  |TAMS 0x0000000088200000, 0x0000000088200000| Untracked 
| 131|0x0000000088300000, 0x0000000088300000, 0x0000000088400000|  0%| F|  |TAMS 0x0000000088300000, 0x0000000088300000| Untracked 
| 132|0x0000000088400000, 0x0000000088400000, 0x0000000088500000|  0%| F|  |TAMS 0x0000000088400000, 0x0000000088400000| Untracked 
| 133|0x0000000088500000, 0x0000000088500000, 0x0000000088600000|  0%| F|  |TAMS 0x0000000088500000, 0x0000000088500000| Untracked 
| 134|0x0000000088600000, 0x0000000088600000, 0x0000000088700000|  0%| F|  |TAMS 0x0000000088600000, 0x0000000088600000| Untracked 
| 135|0x0000000088700000, 0x0000000088700000, 0x0000000088800000|  0%| F|  |TAMS 0x0000000088700000, 0x0000000088700000| Untracked 
| 136|0x0000000088800000, 0x0000000088800000, 0x0000000088900000|  0%| F|  |TAMS 0x0000000088800000, 0x0000000088800000| Untracked 
| 137|0x0000000088900000, 0x0000000088900000, 0x0000000088a00000|  0%| F|  |TAMS 0x0000000088900000, 0x0000000088900000| Untracked 
| 138|0x0000000088a00000, 0x0000000088a00000, 0x0000000088b00000|  0%| F|  |TAMS 0x0000000088a00000, 0x0000000088a00000| Untracked 
| 139|0x0000000088b00000, 0x0000000088b00000, 0x0000000088c00000|  0%| F|  |TAMS 0x0000000088b00000, 0x0000000088b00000| Untracked 
| 140|0x0000000088c00000, 0x0000000088c00000, 0x0000000088d00000|  0%| F|  |TAMS 0x0000000088c00000, 0x0000000088c00000| Untracked 
| 141|0x0000000088d00000, 0x0000000088d00000, 0x0000000088e00000|  0%| F|  |TAMS 0x0000000088d00000, 0x0000000088d00000| Untracked 
| 142|0x0000000088e00000, 0x0000000088e00000, 0x0000000088f00000|  0%| F|  |TAMS 0x0000000088e00000, 0x0000000088e00000| Untracked 
| 143|0x0000000088f00000, 0x0000000088f00000, 0x0000000089000000|  0%| F|  |TAMS 0x0000000088f00000, 0x0000000088f00000| Untracked 
| 144|0x0000000089000000, 0x0000000089000000, 0x0000000089100000|  0%| F|  |TAMS 0x0000000089000000, 0x0000000089000000| Untracked 
| 145|0x0000000089100000, 0x0000000089100000, 0x0000000089200000|  0%| F|  |TAMS 0x0000000089100000, 0x0000000089100000| Untracked 
| 146|0x0000000089200000, 0x0000000089200000, 0x0000000089300000|  0%| F|  |TAMS 0x0000000089200000, 0x0000000089200000| Untracked 
| 147|0x0000000089300000, 0x0000000089300000, 0x0000000089400000|  0%| F|  |TAMS 0x0000000089300000, 0x0000000089300000| Untracked 
| 148|0x0000000089400000, 0x0000000089400000, 0x0000000089500000|  0%| F|  |TAMS 0x0000000089400000, 0x0000000089400000| Untracked 
| 149|0x0000000089500000, 0x0000000089500000, 0x0000000089600000|  0%| F|  |TAMS 0x0000000089500000, 0x0000000089500000| Untracked 
| 150|0x0000000089600000, 0x0000000089600000, 0x0000000089700000|  0%| F|  |TAMS 0x0000000089600000, 0x0000000089600000| Untracked 
| 151|0x0000000089700000, 0x0000000089700000, 0x0000000089800000|  0%| F|  |TAMS 0x0000000089700000, 0x0000000089700000| Untracked 
| 152|0x0000000089800000, 0x0000000089800000, 0x0000000089900000|  0%| F|  |TAMS 0x0000000089800000, 0x0000000089800000| Untracked 
| 153|0x0000000089900000, 0x0000000089900000, 0x0000000089a00000|  0%| F|  |TAMS 0x0000000089900000, 0x0000000089900000| Untracked 
| 154|0x0000000089a00000, 0x0000000089a00000, 0x0000000089b00000|  0%| F|  |TAMS 0x0000000089a00000, 0x0000000089a00000| Untracked 
| 155|0x0000000089b00000, 0x0000000089b00000, 0x0000000089c00000|  0%| F|  |TAMS 0x0000000089b00000, 0x0000000089b00000| Untracked 
| 156|0x0000000089c00000, 0x0000000089c00000, 0x0000000089d00000|  0%| F|  |TAMS 0x0000000089c00000, 0x0000000089c00000| Untracked 
| 157|0x0000000089d00000, 0x0000000089d00000, 0x0000000089e00000|  0%| F|  |TAMS 0x0000000089d00000, 0x0000000089d00000| Untracked 
| 158|0x0000000089e00000, 0x0000000089e00000, 0x0000000089f00000|  0%| F|  |TAMS 0x0000000089e00000, 0x0000000089e00000| Untracked 
| 159|0x0000000089f00000, 0x0000000089f00000, 0x000000008a000000|  0%| F|  |TAMS 0x0000000089f00000, 0x0000000089f00000| Untracked 
| 160|0x000000008a000000, 0x000000008a000000, 0x000000008a100000|  0%| F|  |TAMS 0x000000008a000000, 0x000000008a000000| Untracked 
| 161|0x000000008a100000, 0x000000008a100000, 0x000000008a200000|  0%| F|  |TAMS 0x000000008a100000, 0x000000008a100000| Untracked 
| 162|0x000000008a200000, 0x000000008a200000, 0x000000008a300000|  0%| F|  |TAMS 0x000000008a200000, 0x000000008a200000| Untracked 
| 163|0x000000008a300000, 0x000000008a300000, 0x000000008a400000|  0%| F|  |TAMS 0x000000008a300000, 0x000000008a300000| Untracked 
| 164|0x000000008a400000, 0x000000008a400000, 0x000000008a500000|  0%| F|  |TAMS 0x000000008a400000, 0x000000008a400000| Untracked 
| 165|0x000000008a500000, 0x000000008a500000, 0x000000008a600000|  0%| F|  |TAMS 0x000000008a500000, 0x000000008a500000| Untracked 
| 166|0x000000008a600000, 0x000000008a600000, 0x000000008a700000|  0%| F|  |TAMS 0x000000008a600000, 0x000000008a600000| Untracked 
| 167|0x000000008a700000, 0x000000008a700000, 0x000000008a800000|  0%| F|  |TAMS 0x000000008a700000, 0x000000008a700000| Untracked 
| 168|0x000000008a800000, 0x000000008a800000, 0x000000008a900000|  0%| F|  |TAMS 0x000000008a800000, 0x000000008a800000| Untracked 
| 169|0x000000008a900000, 0x000000008a900000, 0x000000008aa00000|  0%| F|  |TAMS 0x000000008a900000, 0x000000008a900000| Untracked 
| 170|0x000000008aa00000, 0x000000008aa00000, 0x000000008ab00000|  0%| F|  |TAMS 0x000000008aa00000, 0x000000008aa00000| Untracked 
| 171|0x000000008ab00000, 0x000000008ab00000, 0x000000008ac00000|  0%| F|  |TAMS 0x000000008ab00000, 0x000000008ab00000| Untracked 
| 172|0x000000008ac00000, 0x000000008ac00000, 0x000000008ad00000|  0%| F|  |TAMS 0x000000008ac00000, 0x000000008ac00000| Untracked 
| 173|0x000000008ad00000, 0x000000008ad00000, 0x000000008ae00000|  0%| F|  |TAMS 0x000000008ad00000, 0x000000008ad00000| Untracked 
| 174|0x000000008ae00000, 0x000000008ae00000, 0x000000008af00000|  0%| F|  |TAMS 0x000000008ae00000, 0x000000008ae00000| Untracked 
| 175|0x000000008af00000, 0x000000008af00000, 0x000000008b000000|  0%| F|  |TAMS 0x000000008af00000, 0x000000008af00000| Untracked 
| 176|0x000000008b000000, 0x000000008b000000, 0x000000008b100000|  0%| F|  |TAMS 0x000000008b000000, 0x000000008b000000| Untracked 
| 177|0x000000008b100000, 0x000000008b100000, 0x000000008b200000|  0%| F|  |TAMS 0x000000008b100000, 0x000000008b100000| Untracked 
| 178|0x000000008b200000, 0x000000008b200000, 0x000000008b300000|  0%| F|  |TAMS 0x000000008b200000, 0x000000008b200000| Untracked 
| 179|0x000000008b300000, 0x000000008b300000, 0x000000008b400000|  0%| F|  |TAMS 0x000000008b300000, 0x000000008b300000| Untracked 
| 180|0x000000008b400000, 0x000000008b400000, 0x000000008b500000|  0%| F|  |TAMS 0x000000008b400000, 0x000000008b400000| Untracked 
| 181|0x000000008b500000, 0x000000008b500000, 0x000000008b600000|  0%| F|  |TAMS 0x000000008b500000, 0x000000008b500000| Untracked 
| 182|0x000000008b600000, 0x000000008b600000, 0x000000008b700000|  0%| F|  |TAMS 0x000000008b600000, 0x000000008b600000| Untracked 
| 183|0x000000008b700000, 0x000000008b700000, 0x000000008b800000|  0%| F|  |TAMS 0x000000008b700000, 0x000000008b700000| Untracked 
| 184|0x000000008b800000, 0x000000008b800000, 0x000000008b900000|  0%| F|  |TAMS 0x000000008b800000, 0x000000008b800000| Untracked 
| 185|0x000000008b900000, 0x000000008b900000, 0x000000008ba00000|  0%| F|  |TAMS 0x000000008b900000, 0x000000008b900000| Untracked 
| 186|0x000000008ba00000, 0x000000008ba00000, 0x000000008bb00000|  0%| F|  |TAMS 0x000000008ba00000, 0x000000008ba00000| Untracked 
| 187|0x000000008bb00000, 0x000000008bb00000, 0x000000008bc00000|  0%| F|  |TAMS 0x000000008bb00000, 0x000000008bb00000| Untracked 
| 188|0x000000008bc00000, 0x000000008bc00000, 0x000000008bd00000|  0%| F|  |TAMS 0x000000008bc00000, 0x000000008bc00000| Untracked 
| 189|0x000000008bd00000, 0x000000008bd00000, 0x000000008be00000|  0%| F|  |TAMS 0x000000008bd00000, 0x000000008bd00000| Untracked 
| 190|0x000000008be00000, 0x000000008be00000, 0x000000008bf00000|  0%| F|  |TAMS 0x000000008be00000, 0x000000008be00000| Untracked 
| 191|0x000000008bf00000, 0x000000008bf00000, 0x000000008c000000|  0%| F|  |TAMS 0x000000008bf00000, 0x000000008bf00000| Untracked 
| 192|0x000000008c000000, 0x000000008c000000, 0x000000008c100000|  0%| F|  |TAMS 0x000000008c000000, 0x000000008c000000| Untracked 
| 193|0x000000008c100000, 0x000000008c100000, 0x000000008c200000|  0%| F|  |TAMS 0x000000008c100000, 0x000000008c100000| Untracked 
| 194|0x000000008c200000, 0x000000008c200000, 0x000000008c300000|  0%| F|  |TAMS 0x000000008c200000, 0x000000008c200000| Untracked 
| 195|0x000000008c300000, 0x000000008c300000, 0x000000008c400000|  0%| F|  |TAMS 0x000000008c300000, 0x000000008c300000| Untracked 
| 196|0x000000008c400000, 0x000000008c400000, 0x000000008c500000|  0%| F|  |TAMS 0x000000008c400000, 0x000000008c400000| Untracked 
| 197|0x000000008c500000, 0x000000008c500000, 0x000000008c600000|  0%| F|  |TAMS 0x000000008c500000, 0x000000008c500000| Untracked 
| 198|0x000000008c600000, 0x000000008c600000, 0x000000008c700000|  0%| F|  |TAMS 0x000000008c600000, 0x000000008c600000| Untracked 
| 199|0x000000008c700000, 0x000000008c700000, 0x000000008c800000|  0%| F|  |TAMS 0x000000008c700000, 0x000000008c700000| Untracked 
| 200|0x000000008c800000, 0x000000008c800000, 0x000000008c900000|  0%| F|  |TAMS 0x000000008c800000, 0x000000008c800000| Untracked 
| 201|0x000000008c900000, 0x000000008c900000, 0x000000008ca00000|  0%| F|  |TAMS 0x000000008c900000, 0x000000008c900000| Untracked 
| 202|0x000000008ca00000, 0x000000008ca00000, 0x000000008cb00000|  0%| F|  |TAMS 0x000000008ca00000, 0x000000008ca00000| Untracked 
| 203|0x000000008cb00000, 0x000000008cb00000, 0x000000008cc00000|  0%| F|  |TAMS 0x000000008cb00000, 0x000000008cb00000| Untracked 
| 204|0x000000008cc00000, 0x000000008cc00000, 0x000000008cd00000|  0%| F|  |TAMS 0x000000008cc00000, 0x000000008cc00000| Untracked 
| 255|0x000000008ff00000, 0x000000008ff00000, 0x0000000090000000|  0%| F|  |TAMS 0x000000008ff00000, 0x000000008ff00000| Untracked 

Card table byte_map: [0x000001dc77340000,0x000001dc77740000] _byte_map_base: 0x000001dc76f40000

Marking Bits (Prev, Next): (CMBitMap*) 0x000001dc6478eaf0, (CMBitMap*) 0x000001dc6478eb30
 Prev Bits: [0x000001dc77b40000, 0x000001dc79b40000)
 Next Bits: [0x000001dc79b40000, 0x000001dc7bb40000)

Polling page: 0x000001dc62600000

Metaspace:

Usage:
  Non-class:     50.49 MB used.
      Class:      8.03 MB used.
       Both:     58.52 MB used.

Virtual space:
  Non-class space:       64.00 MB reserved,      50.81 MB ( 79%) committed,  1 nodes.
      Class space:        1.00 GB reserved,       8.31 MB ( <1%) committed,  1 nodes.
             Both:        1.06 GB reserved,      59.12 MB (  5%) committed. 

Chunk freelists:
   Non-Class:  12.62 MB
       Class:  7.70 MB
        Both:  20.33 MB

MaxMetaspaceSize: unlimited
CompressedClassSpaceSize: 1.00 GB
Initial GC threshold: 21.00 MB
Current GC threshold: 91.19 MB
CDS: off
MetaspaceReclaimPolicy: balanced
 - commit_granule_bytes: 65536.
 - commit_granule_words: 8192.
 - virtual_space_node_default_size: 8388608.
 - enlarge_chunks_in_place: 1.
 - new_chunks_are_fully_committed: 0.
 - uncommit_free_chunks: 1.
 - use_allocation_guard: 0.
 - handle_deallocations: 1.


Internal statistics:

num_allocs_failed_limit: 6.
num_arena_births: 670.
num_arena_deaths: 0.
num_vsnodes_births: 2.
num_vsnodes_deaths: 0.
num_space_committed: 946.
num_space_uncommitted: 0.
num_chunks_returned_to_freelist: 6.
num_chunks_taken_from_freelist: 2772.
num_chunk_merges: 6.
num_chunk_splits: 1781.
num_chunks_enlarged: 1171.
num_inconsistent_stats: 0.

CodeHeap 'non-profiled nmethods': size=120000Kb used=2950Kb max_used=3037Kb free=117049Kb
 bounds [0x000001dc6f6e0000, 0x000001dc6f9f0000, 0x000001dc76c10000]
CodeHeap 'profiled nmethods': size=120000Kb used=10059Kb max_used=10059Kb free=109940Kb
 bounds [0x000001dc67c10000, 0x000001dc685f0000, 0x000001dc6f140000]
CodeHeap 'non-nmethods': size=5760Kb used=2325Kb max_used=2419Kb free=3434Kb
 bounds [0x000001dc6f140000, 0x000001dc6f3c0000, 0x000001dc6f6e0000]
 total_blobs=6059 nmethods=5213 adapters=757
 compilation: enabled
              stopped_count=0, restarted_count=0
 full_count=0

Compilation events (20 events):
Event: 8.383 Thread 0x000001dc7e78ccc0 nmethod 5923 0x000001dc6f872790 code [0x000001dc6f872920, 0x000001dc6f8729d8]
Event: 8.384 Thread 0x000001dc7e78ccc0 5924       1       org.gradle.internal.component.external.model.GradleDependencyMetadata::getArtifacts (5 bytes)
Event: 8.384 Thread 0x000001dc7e78ccc0 nmethod 5924 0x000001dc6f872390 code [0x000001dc6f872520, 0x000001dc6f8725f8]
Event: 8.384 Thread 0x000001dc7e78ccc0 5925       3       org.gradle.internal.component.external.model.ConfigurationBoundExternalDependencyMetadata::getSelector (5 bytes)
Event: 8.384 Thread 0x000001dc7e78ccc0 nmethod 5925 0x000001dc685df990 code [0x000001dc685dfb40, 0x000001dc685dfcf8]
Event: 8.384 Thread 0x000001dc7e78ccc0 5926       3       org.gradle.internal.component.external.model.ConfigurationBoundExternalDependencyMetadata::getSelector (8 bytes)
Event: 8.384 Thread 0x000001dc7e78ccc0 nmethod 5926 0x000001dc685dfe10 code [0x000001dc685dffa0, 0x000001dc685e00d8]
Event: 8.385 Thread 0x000001dc7e78ccc0 5927       3       org.gradle.internal.component.external.model.maven.MavenDependencyDescriptor::isOptional (16 bytes)
Event: 8.385 Thread 0x000001dc7e78ccc0 nmethod 5927 0x000001dc685e0190 code [0x000001dc685e0320, 0x000001dc685e0498]
Event: 8.385 Thread 0x000001dc7e78ccc0 5928       3       org.gradle.api.internal.artifacts.DefaultModuleIdentifier::equals (74 bytes)
Event: 8.385 Thread 0x000001dc7e78ccc0 nmethod 5928 0x000001dc685e0510 code [0x000001dc685e0720, 0x000001dc685e0e38]
Event: 8.386 Thread 0x000001dc7e78ccc0 5929       3       org.gradle.internal.serialize.kryo.KryoBackedDecoder::<init> (26 bytes)
Event: 8.386 Thread 0x000001dc7e78ccc0 nmethod 5929 0x000001dc685e1010 code [0x000001dc685e1200, 0x000001dc685e19c8]
Event: 8.386 Thread 0x000001dc7e78ccc0 5930       3       com.esotericsoftware.kryo.io.Input::<init> (25 bytes)
Event: 8.386 Thread 0x000001dc7e78ccc0 nmethod 5930 0x000001dc685e1c10 code [0x000001dc685e1de0, 0x000001dc685e2348]
Event: 8.386 Thread 0x000001dc7e78ccc0 5931       3       com.esotericsoftware.kryo.io.Input::<init> (25 bytes)
Event: 8.386 Thread 0x000001dc7e78ccc0 nmethod 5931 0x000001dc685e2510 code [0x000001dc685e26c0, 0x000001dc685e2a78]
Event: 8.386 Thread 0x000001dc7e78ccc0 5932       3       java.util.LinkedList::addAll (10 bytes)
Event: 8.386 Thread 0x000001dc7e78ccc0 nmethod 5932 0x000001dc685e2b90 code [0x000001dc685e2d40, 0x000001dc685e2e88]
Event: 8.386 Thread 0x000001dc7e78ccc0 5933       3       java.util.LinkedList::addAll (182 bytes)

GC Heap History (20 events):
Event: 5.635 GC heap after
{Heap after GC invocations=13 (full 0):
 garbage-first heap   total 105472K, used 46552K [0x0000000080000000, 0x0000000100000000)
  region size 1024K, 5 young (5120K), 5 survivors (5120K)
 Metaspace       used 44659K, committed 45120K, reserved 1114112K
  class space    used 6029K, committed 6272K, reserved 1048576K
}
Event: 6.167 GC heap before
{Heap before GC invocations=13 (full 0):
 garbage-first heap   total 105472K, used 83416K [0x0000000080000000, 0x0000000100000000)
  region size 1024K, 36 young (36864K), 5 survivors (5120K)
 Metaspace       used 48642K, committed 49088K, reserved 1114112K
  class space    used 6520K, committed 6720K, reserved 1048576K
}
Event: 6.172 GC heap after
{Heap after GC invocations=14 (full 0):
 garbage-first heap   total 105472K, used 49396K [0x0000000080000000, 0x0000000100000000)
  region size 1024K, 3 young (3072K), 3 survivors (3072K)
 Metaspace       used 48642K, committed 49088K, reserved 1114112K
  class space    used 6520K, committed 6720K, reserved 1048576K
}
Event: 6.469 GC heap before
{Heap before GC invocations=14 (full 0):
 garbage-first heap   total 105472K, used 66804K [0x0000000080000000, 0x0000000100000000)
  region size 1024K, 21 young (21504K), 3 survivors (3072K)
 Metaspace       used 50206K, committed 50688K, reserved 1114112K
  class space    used 6784K, committed 6976K, reserved 1048576K
}
Event: 6.472 GC heap after
{Heap after GC invocations=15 (full 0):
 garbage-first heap   total 105472K, used 51881K [0x0000000080000000, 0x0000000100000000)
  region size 1024K, 5 young (5120K), 5 survivors (5120K)
 Metaspace       used 50206K, committed 50688K, reserved 1114112K
  class space    used 6784K, committed 6976K, reserved 1048576K
}
Event: 6.479 GC heap before
{Heap before GC invocations=15 (full 0):
 garbage-first heap   total 105472K, used 54953K [0x0000000080000000, 0x0000000100000000)
  region size 1024K, 6 young (6144K), 5 survivors (5120K)
 Metaspace       used 50206K, committed 50688K, reserved 1114112K
  class space    used 6784K, committed 6976K, reserved 1048576K
}
Event: 6.482 GC heap after
{Heap after GC invocations=16 (full 0):
 garbage-first heap   total 126976K, used 55621K [0x0000000080000000, 0x0000000100000000)
  region size 1024K, 1 young (1024K), 1 survivors (1024K)
 Metaspace       used 50206K, committed 50688K, reserved 1114112K
  class space    used 6784K, committed 6976K, reserved 1048576K
}
Event: 6.566 GC heap before
{Heap before GC invocations=16 (full 0):
 garbage-first heap   total 126976K, used 65861K [0x0000000080000000, 0x0000000100000000)
  region size 1024K, 7 young (7168K), 1 survivors (1024K)
 Metaspace       used 50490K, committed 50944K, reserved 1114112K
  class space    used 6832K, committed 7040K, reserved 1048576K
}
Event: 6.568 GC heap after
{Heap after GC invocations=17 (full 0):
 garbage-first heap   total 126976K, used 61791K [0x0000000080000000, 0x0000000100000000)
  region size 1024K, 2 young (2048K), 2 survivors (2048K)
 Metaspace       used 50490K, committed 50944K, reserved 1114112K
  class space    used 6832K, committed 7040K, reserved 1048576K
}
Event: 6.924 GC heap before
{Heap before GC invocations=18 (full 0):
 garbage-first heap   total 126976K, used 95583K [0x0000000080000000, 0x0000000100000000)
  region size 1024K, 29 young (29696K), 2 survivors (2048K)
 Metaspace       used 52658K, committed 53184K, reserved 1114112K
  class space    used 7025K, committed 7232K, reserved 1048576K
}
Event: 6.928 GC heap after
{Heap after GC invocations=19 (full 0):
 garbage-first heap   total 126976K, used 70017K [0x0000000080000000, 0x0000000100000000)
  region size 1024K, 4 young (4096K), 4 survivors (4096K)
 Metaspace       used 52658K, committed 53184K, reserved 1114112K
  class space    used 7025K, committed 7232K, reserved 1048576K
}
Event: 6.971 GC heap before
{Heap before GC invocations=19 (full 0):
 garbage-first heap   total 126976K, used 71041K [0x0000000080000000, 0x0000000100000000)
  region size 1024K, 6 young (6144K), 4 survivors (4096K)
 Metaspace       used 52835K, committed 53376K, reserved 1114112K
  class space    used 7071K, committed 7296K, reserved 1048576K
}
Event: 6.975 GC heap after
{Heap after GC invocations=20 (full 0):
 garbage-first heap   total 126976K, used 70059K [0x0000000080000000, 0x0000000100000000)
  region size 1024K, 1 young (1024K), 1 survivors (1024K)
 Metaspace       used 52835K, committed 53376K, reserved 1114112K
  class space    used 7071K, committed 7296K, reserved 1048576K
}
Event: 7.305 GC heap before
{Heap before GC invocations=20 (full 0):
 garbage-first heap   total 126976K, used 94635K [0x0000000080000000, 0x0000000100000000)
  region size 1024K, 25 young (25600K), 1 survivors (1024K)
 Metaspace       used 55236K, committed 55744K, reserved 1114112K
  class space    used 7465K, committed 7680K, reserved 1048576K
}
Event: 7.308 GC heap after
{Heap after GC invocations=21 (full 0):
 garbage-first heap   total 126976K, used 71842K [0x0000000080000000, 0x0000000100000000)
  region size 1024K, 3 young (3072K), 3 survivors (3072K)
 Metaspace       used 55236K, committed 55744K, reserved 1114112K
  class space    used 7465K, committed 7680K, reserved 1048576K
}
Event: 7.857 GC heap before
{Heap before GC invocations=22 (full 0):
 garbage-first heap   total 126976K, used 95394K [0x0000000080000000, 0x0000000100000000)
  region size 1024K, 27 young (27648K), 3 survivors (3072K)
 Metaspace       used 57587K, committed 58112K, reserved 1114112K
  class space    used 7855K, committed 8128K, reserved 1048576K
}
Event: 7.862 GC heap after
{Heap after GC invocations=23 (full 0):
 garbage-first heap   total 126976K, used 73763K [0x0000000080000000, 0x0000000100000000)
  region size 1024K, 4 young (4096K), 4 survivors (4096K)
 Metaspace       used 57587K, committed 58112K, reserved 1114112K
  class space    used 7855K, committed 8128K, reserved 1048576K
}
Event: 7.895 GC heap before
{Heap before GC invocations=23 (full 0):
 garbage-first heap   total 126976K, used 75811K [0x0000000080000000, 0x0000000100000000)
  region size 1024K, 6 young (6144K), 4 survivors (4096K)
 Metaspace       used 57801K, committed 58368K, reserved 1114112K
  class space    used 7907K, committed 8192K, reserved 1048576K
}
Event: 7.899 GC heap after
{Heap after GC invocations=24 (full 0):
 garbage-first heap   total 126976K, used 74017K [0x0000000080000000, 0x0000000100000000)
  region size 1024K, 1 young (1024K), 1 survivors (1024K)
 Metaspace       used 57801K, committed 58368K, reserved 1114112K
  class space    used 7907K, committed 8192K, reserved 1048576K
}
Event: 8.387 GC heap before
{Heap before GC invocations=24 (full 0):
 garbage-first heap   total 126976K, used 99617K [0x0000000080000000, 0x0000000100000000)
  region size 1024K, 26 young (26624K), 1 survivors (1024K)
 Metaspace       used 59924K, committed 60544K, reserved 1114112K
  class space    used 8219K, committed 8512K, reserved 1048576K
}

Dll operation events (3 events):
Event: 0.049 Loaded shared library C:\Program Files\Android\Android Studio1\jbr\bin\java.dll
Event: 0.219 Loaded shared library C:\Program Files\Android\Android Studio1\jbr\bin\zip.dll
Event: 0.562 Loaded shared library C:\Program Files\Android\Android Studio1\jbr\bin\verify.dll

Deoptimization events (20 events):
Event: 8.263 Thread 0x000001dc7eea5250 Uncommon trap: trap_request=0xffffffde fr.pc=0x000001dc6f959efc relative=0x0000000000000cfc
Event: 8.263 Thread 0x000001dc7eea5250 Uncommon trap: reason=class_check action=maybe_recompile pc=0x000001dc6f959efc method=java.util.HashMap.computeIfAbsent(Ljava/lang/Object;Ljava/util/function/Function;)Ljava/lang/Object; @ 142 c2
Event: 8.263 Thread 0x000001dc7eea5250 DEOPT PACKING pc=0x000001dc6f959efc sp=0x00000035211f75b0
Event: 8.263 Thread 0x000001dc7eea5250 DEOPT UNPACKING pc=0x000001dc6f1969a3 sp=0x00000035211f7568 mode 2
Event: 8.275 Thread 0x000001dc7eea5250 Uncommon trap: trap_request=0xffffffde fr.pc=0x000001dc6f959efc relative=0x0000000000000cfc
Event: 8.275 Thread 0x000001dc7eea5250 Uncommon trap: reason=class_check action=maybe_recompile pc=0x000001dc6f959efc method=java.util.HashMap.computeIfAbsent(Ljava/lang/Object;Ljava/util/function/Function;)Ljava/lang/Object; @ 142 c2
Event: 8.275 Thread 0x000001dc7eea5250 DEOPT PACKING pc=0x000001dc6f959efc sp=0x00000035211f75b0
Event: 8.275 Thread 0x000001dc7eea5250 DEOPT UNPACKING pc=0x000001dc6f1969a3 sp=0x00000035211f7568 mode 2
Event: 8.277 Thread 0x000001dc7eea5250 Uncommon trap: trap_request=0xffffffde fr.pc=0x000001dc6f959efc relative=0x0000000000000cfc
Event: 8.277 Thread 0x000001dc7eea5250 Uncommon trap: reason=class_check action=maybe_recompile pc=0x000001dc6f959efc method=java.util.HashMap.computeIfAbsent(Ljava/lang/Object;Ljava/util/function/Function;)Ljava/lang/Object; @ 142 c2
Event: 8.277 Thread 0x000001dc7eea5250 DEOPT PACKING pc=0x000001dc6f959efc sp=0x00000035211f75b0
Event: 8.277 Thread 0x000001dc7eea5250 DEOPT UNPACKING pc=0x000001dc6f1969a3 sp=0x00000035211f7568 mode 2
Event: 8.277 Thread 0x000001dc7eea5250 Uncommon trap: trap_request=0xffffffde fr.pc=0x000001dc6f959efc relative=0x0000000000000cfc
Event: 8.277 Thread 0x000001dc7eea5250 Uncommon trap: reason=class_check action=maybe_recompile pc=0x000001dc6f959efc method=java.util.HashMap.computeIfAbsent(Ljava/lang/Object;Ljava/util/function/Function;)Ljava/lang/Object; @ 142 c2
Event: 8.277 Thread 0x000001dc7eea5250 DEOPT PACKING pc=0x000001dc6f959efc sp=0x00000035211f75b0
Event: 8.277 Thread 0x000001dc7eea5250 DEOPT UNPACKING pc=0x000001dc6f1969a3 sp=0x00000035211f7568 mode 2
Event: 8.367 Thread 0x000001dc7eea5250 Uncommon trap: trap_request=0xffffffdc fr.pc=0x000001dc6f879550 relative=0x00000000000002b0
Event: 8.367 Thread 0x000001dc7eea5250 Uncommon trap: reason=class_check action=make_not_entrant pc=0x000001dc6f879550 method=java.util.ArrayList.toArray([Ljava/lang/Object;)[Ljava/lang/Object; @ 21 c2
Event: 8.367 Thread 0x000001dc7eea5250 DEOPT PACKING pc=0x000001dc6f879550 sp=0x00000035211f6eb0
Event: 8.367 Thread 0x000001dc7eea5250 DEOPT UNPACKING pc=0x000001dc6f1969a3 sp=0x00000035211f6e80 mode 2

Classes unloaded (0 events):
No events

Classes redefined (0 events):
No events

Internal exceptions (20 events):
Event: 8.030 Thread 0x000001dc7eea5250 Exception <a 'java/lang/ClassNotFoundException'{0x000000008c42bd10}: org/gradle/api/internal/catalog/AbstractExternalDependencyFactory$PluginFactoryBeanInfo> (0x000000008c42bd10) 
thrown [s\src\hotspot\share\classfile\systemDictionary.cpp, line 256]
Event: 8.032 Thread 0x000001dc7eea5250 Exception <a 'java/lang/ClassNotFoundException'{0x000000008c443630}: org/gradle/api/internal/catalog/AbstractExternalDependencyFactory$PluginFactoryCustomizer> (0x000000008c443630) 
thrown [s\src\hotspot\share\classfile\systemDictionary.cpp, line 256]
Event: 8.033 Thread 0x000001dc7eea5250 Exception <a 'java/lang/ClassNotFoundException'{0x000000008c4577e0}: org/gradle/accessors/dm/LibrariesForLibs$PluginAccessorsCustomizer> (0x000000008c4577e0) 
thrown [s\src\hotspot\share\classfile\systemDictionary.cpp, line 256]
Event: 8.036 Thread 0x000001dc7eea5250 Exception <a 'java/lang/ClassNotFoundException'{0x000000008c47c5e0}: org/gradle/accessors/dm/LibrariesForLibs$AndroidPluginAccessorsBeanInfo> (0x000000008c47c5e0) 
thrown [s\src\hotspot\share\classfile\systemDictionary.cpp, line 256]
Event: 8.037 Thread 0x000001dc7eea5250 Exception <a 'java/lang/ClassNotFoundException'{0x000000008c48f148}: org/gradle/accessors/dm/LibrariesForLibs$AndroidPluginAccessorsCustomizer> (0x000000008c48f148) 
thrown [s\src\hotspot\share\classfile\systemDictionary.cpp, line 256]
Event: 8.048 Thread 0x000001dc7eea5250 Exception <a 'java/lang/NoSuchMethodError'{0x000000008713bfa0}: static Lorg/gradle/api/internal/catalog/DefaultVersionCatalog;.<clinit>()V> (0x000000008713bfa0) 
thrown [s\src\hotspot\share\prims\jni.cpp, line 1108]
Event: 8.056 Thread 0x000001dc7eea5250 Exception <a 'java/lang/NoSuchMethodError'{0x0000000087192958}: static [Ljava/lang/Object;.<clinit>()V> (0x0000000087192958) 
thrown [s\src\hotspot\share\prims\jni.cpp, line 1108]
Event: 8.060 Thread 0x000001dc7eea5250 Exception <a 'java/lang/NoSuchMethodError'{0x00000000871cb510}: static Lorg/gradle/api/internal/catalog/DependencyModel;.<clinit>()V> (0x00000000871cb510) 
thrown [s\src\hotspot\share\prims\jni.cpp, line 1108]
Event: 8.060 Thread 0x000001dc7eea5250 Exception <a 'java/lang/NoSuchMethodError'{0x00000000871cf240}: static Lorg/gradle/api/internal/catalog/AbstractContextAwareModel;.<clinit>()V> (0x00000000871cf240) 
thrown [s\src\hotspot\share\prims\jni.cpp, line 1108]
Event: 8.061 Thread 0x000001dc7eea5250 Exception <a 'java/lang/NoSuchMethodError'{0x00000000871eabb8}: static Lorg/gradle/api/internal/artifacts/dependencies/AbstractVersionConstraint;.<clinit>()V> (0x00000000871eabb8) 
thrown [s\src\hotspot\share\prims\jni.cpp, line 1108]
Event: 8.072 Thread 0x000001dc7eea5250 Exception <a 'java/lang/NoSuchMethodError'{0x00000000870ae868}: static Lorg/gradle/api/internal/catalog/PluginModel;.<clinit>()V> (0x00000000870ae868) 
thrown [s\src\hotspot\share\prims\jni.cpp, line 1108]
Event: 8.074 Thread 0x000001dc7eea5250 Exception <a 'java/lang/NoSuchMethodError'{0x00000000870c77b8}: static Lorg/gradle/api/internal/catalog/VersionModel;.<clinit>()V> (0x00000000870c77b8) 
thrown [s\src\hotspot\share\prims\jni.cpp, line 1108]
Event: 8.088 Thread 0x000001dc7eea5250 Exception <a 'java/lang/ClassNotFoundException'{0x0000000086f71ef0}: org/gradle/plugin/use/internal/PluginRequestCollector$PluginDependencySpecImplBeanInfo> (0x0000000086f71ef0) 
thrown [s\src\hotspot\share\classfile\systemDictionary.cpp, line 256]
Event: 8.089 Thread 0x000001dc7eea5250 Exception <a 'java/lang/ClassNotFoundException'{0x0000000086f86f20}: org/gradle/plugin/use/internal/PluginRequestCollector$PluginDependencySpecImplCustomizer> (0x0000000086f86f20) 
thrown [s\src\hotspot\share\classfile\systemDictionary.cpp, line 256]
Event: 8.142 Thread 0x000001dc7eea5250 Exception <a 'java/lang/NoSuchMethodError'{0x0000000086c99fe0}: 'int java.lang.invoke.DirectMethodHandle$Holder.invokeSpecialIFC(java.lang.Object, java.lang.Object, java.lang.Object)'> (0x0000000086c99fe0) 
thrown [s\src\hotspot\share\interpreter\linkResolver.cpp, line 771]
Event: 8.219 Thread 0x000001dc7eea5250 Exception <a 'java/lang/NoSuchMethodError'{0x0000000086855a58}: 'java.lang.Object java.lang.invoke.DirectMethodHandle$Holder.newInvokeSpecial(java.lang.Object, java.lang.Object, java.lang.Object, java.lang.Object, java.lang.Object, int)'> (0x0000000086855a58) 
thrown [s\src\hotspot\share\interpreter\linkResolver.cpp, line 771]
Event: 8.220 Thread 0x000001dc7eea5250 Exception <a 'java/lang/NoSuchMethodError'{0x000000008685b158}: 'java.lang.Object java.lang.invoke.DirectMethodHandle$Holder.invokeSpecial(java.lang.Object, java.lang.Object, java.lang.Object, java.lang.Object, java.lang.Object, java.lang.Object, int)'> (0x000000008685b158) 
thrown [s\src\hotspot\share\interpreter\linkResolver.cpp, line 771]
Event: 8.221 Thread 0x000001dc7eea5250 Exception <a 'java/lang/NoSuchMethodError'{0x000000008685ff38}: 'java.lang.Object java.lang.invoke.Invokers$Holder.linkToTargetMethod(java.lang.Object, java.lang.Object, java.lang.Object, java.lang.Object, int, java.lang.Object)'> (0x000000008685ff38) 
thrown [s\src\hotspot\share\interpreter\linkResolver.cpp, line 771]
Event: 8.225 Thread 0x000001dc7eea5250 Exception <a 'java/lang/NoSuchMethodError'{0x0000000086893828}: 'java.lang.Object java.lang.invoke.DirectMethodHandle$Holder.invokeSpecial(java.lang.Object, java.lang.Object, java.lang.Object, java.lang.Object, java.lang.Object, long)'> (0x0000000086893828) 
thrown [s\src\hotspot\share\interpreter\linkResolver.cpp, line 771]
Event: 8.227 Thread 0x000001dc7eea5250 Exception <a 'java/lang/NoSuchMethodError'{0x00000000868b6ee0}: 'void java.lang.invoke.DirectMethodHandle$Holder.invokeStatic(java.lang.Object, java.lang.Object, java.lang.Object, int, java.lang.Object)'> (0x00000000868b6ee0) 
thrown [s\src\hotspot\share\interpreter\linkResolver.cpp, line 771]

VM Operations (20 events):
Event: 7.344 Executing VM operation: G1PauseRemark done
Event: 7.358 Executing VM operation: G1PauseCleanup
Event: 7.358 Executing VM operation: G1PauseCleanup done
Event: 7.395 Executing VM operation: HandshakeAllThreads
Event: 7.396 Executing VM operation: HandshakeAllThreads done
Event: 7.518 Executing VM operation: HandshakeAllThreads
Event: 7.518 Executing VM operation: HandshakeAllThreads done
Event: 7.800 Executing VM operation: ICBufferFull
Event: 7.800 Executing VM operation: ICBufferFull done
Event: 7.857 Executing VM operation: G1CollectForAllocation
Event: 7.862 Executing VM operation: G1CollectForAllocation done
Event: 7.895 Executing VM operation: G1CollectForAllocation
Event: 7.899 Executing VM operation: G1CollectForAllocation done
Event: 7.935 Executing VM operation: HandshakeAllThreads
Event: 7.936 Executing VM operation: HandshakeAllThreads done
Event: 8.050 Executing VM operation: HandshakeAllThreads
Event: 8.050 Executing VM operation: HandshakeAllThreads done
Event: 8.364 Executing VM operation: ICBufferFull
Event: 8.364 Executing VM operation: ICBufferFull done
Event: 8.387 Executing VM operation: G1CollectForAllocation

Events (20 events):
Event: 7.961 loading class java/lang/invoke/BoundMethodHandle$Species_LLLLLLLLLLLLLLLLLL
Event: 7.961 loading class java/lang/invoke/BoundMethodHandle$Species_LLLLLLLLLLLLLLLLLL done
Event: 7.963 loading class java/lang/invoke/BoundMethodHandle$Species_LLLLLLLLLLLLLLLLLLL
Event: 7.963 loading class java/lang/invoke/BoundMethodHandle$Species_LLLLLLLLLLLLLLLLLLL done
Event: 7.966 loading class java/lang/invoke/BoundMethodHandle$Species_LLLLLLLLLLLLLLLLLLLL
Event: 7.966 loading class java/lang/invoke/BoundMethodHandle$Species_LLLLLLLLLLLLLLLLLLLL done
Event: 7.967 loading class java/lang/invoke/BoundMethodHandle$Species_LLLLLLLLLLLLLLLLLLLLL
Event: 7.967 loading class java/lang/invoke/BoundMethodHandle$Species_LLLLLLLLLLLLLLLLLLLLL done
Event: 7.970 loading class java/lang/invoke/BoundMethodHandle$Species_LLLLLLLLLLLLLLLLLLLLLL
Event: 7.970 loading class java/lang/invoke/BoundMethodHandle$Species_LLLLLLLLLLLLLLLLLLLLLL done
Event: 7.972 loading class java/lang/invoke/BoundMethodHandle$Species_LLLLLLLLLLLLLLLLLLLLLLL
Event: 7.972 loading class java/lang/invoke/BoundMethodHandle$Species_LLLLLLLLLLLLLLLLLLLLLLL done
Event: 7.973 loading class java/lang/invoke/BoundMethodHandle$Species_LLLLLLLLLLLLLLLLLLLLLLLL
Event: 7.973 loading class java/lang/invoke/BoundMethodHandle$Species_LLLLLLLLLLLLLLLLLLLLLLLL done
Event: 8.046 loading class java/io/ObjectOutputStream$BlockDataOutputStream
Event: 8.046 loading class java/io/ObjectOutputStream$BlockDataOutputStream done
Event: 8.046 loading class java/io/ObjectOutputStream$HandleTable
Event: 8.046 loading class java/io/ObjectOutputStream$HandleTable done
Event: 8.046 loading class java/io/ObjectOutputStream$ReplaceTable
Event: 8.046 loading class java/io/ObjectOutputStream$ReplaceTable done


Dynamic libraries:
0x00007ff6f9b00000 - 0x00007ff6f9b0a000 	C:\Program Files\Android\Android Studio1\jbr\bin\java.exe
0x00007ffe97090000 - 0x00007ffe97288000 	C:\WINDOWS\SYSTEM32\ntdll.dll
0x00007ffe96550000 - 0x00007ffe96611000 	C:\WINDOWS\System32\KERNEL32.DLL
0x00007ffe947e0000 - 0x00007ffe94ad6000 	C:\WINDOWS\System32\KERNELBASE.dll
0x00007ffe94e90000 - 0x00007ffe94f90000 	C:\WINDOWS\System32\ucrtbase.dll
0x00007ffe6f390000 - 0x00007ffe6f3a7000 	C:\Program Files\Android\Android Studio1\jbr\bin\jli.dll
0x00007ffe7b190000 - 0x00007ffe7b1ab000 	C:\Program Files\Android\Android Studio1\jbr\bin\VCRUNTIME140.dll
0x00007ffe95ad0000 - 0x00007ffe95c6f000 	C:\WINDOWS\System32\USER32.dll
0x00007ffe95000000 - 0x00007ffe95022000 	C:\WINDOWS\System32\win32u.dll
0x00007ffe826a0000 - 0x00007ffe8293a000 	C:\WINDOWS\WinSxS\amd64_microsoft.windows.common-controls_6595b64144ccf1df_6.0.19041.4355_none_60b8b9eb71f62e16\COMCTL32.dll
0x00007ffe95180000 - 0x00007ffe951ab000 	C:\WINDOWS\System32\GDI32.dll
0x00007ffe950c0000 - 0x00007ffe9515e000 	C:\WINDOWS\System32\msvcrt.dll
0x00007ffe94b10000 - 0x00007ffe94c27000 	C:\WINDOWS\System32\gdi32full.dll
0x00007ffe94740000 - 0x00007ffe947dd000 	C:\WINDOWS\System32\msvcp_win.dll
0x00007ffe96730000 - 0x00007ffe9675f000 	C:\WINDOWS\System32\IMM32.DLL
0x00007ffe8c2d0000 - 0x00007ffe8c2dc000 	C:\Program Files\Android\Android Studio1\jbr\bin\vcruntime140_1.dll
0x00007ffe63b00000 - 0x00007ffe63b8d000 	C:\Program Files\Android\Android Studio1\jbr\bin\msvcp140.dll
0x00007ffe19160000 - 0x00007ffe19de3000 	C:\Program Files\Android\Android Studio1\jbr\bin\server\jvm.dll
0x00007ffe95ed0000 - 0x00007ffe95f80000 	C:\WINDOWS\System32\ADVAPI32.dll
0x00007ffe96f20000 - 0x00007ffe96fc0000 	C:\WINDOWS\System32\sechost.dll
0x00007ffe95da0000 - 0x00007ffe95ec3000 	C:\WINDOWS\System32\RPCRT4.dll
0x00007ffe94ae0000 - 0x00007ffe94b07000 	C:\WINDOWS\System32\bcrypt.dll
0x00007ffe722e0000 - 0x00007ffe722e9000 	C:\WINDOWS\SYSTEM32\WSOCK32.dll
0x00007ffe93c70000 - 0x00007ffe93cbb000 	C:\WINDOWS\SYSTEM32\POWRPROF.dll
0x00007ffe8c700000 - 0x00007ffe8c70a000 	C:\WINDOWS\SYSTEM32\VERSION.dll
0x00007ffe7ce80000 - 0x00007ffe7cea7000 	C:\WINDOWS\SYSTEM32\WINMM.dll
0x00007ffe951b0000 - 0x00007ffe9521b000 	C:\WINDOWS\System32\WS2_32.dll
0x00007ffe93b30000 - 0x00007ffe93b42000 	C:\WINDOWS\SYSTEM32\UMPDC.dll
0x00007ffe92f30000 - 0x00007ffe92f42000 	C:\WINDOWS\SYSTEM32\kernel.appcore.dll
0x00007ffe8f870000 - 0x00007ffe8f87a000 	C:\Program Files\Android\Android Studio1\jbr\bin\jimage.dll
0x00007ffe92450000 - 0x00007ffe92634000 	C:\WINDOWS\SYSTEM32\DBGHELP.DLL
0x00007ffe71e50000 - 0x00007ffe71e84000 	C:\WINDOWS\SYSTEM32\dbgcore.DLL
0x00007ffe95030000 - 0x00007ffe950b2000 	C:\WINDOWS\System32\bcryptPrimitives.dll
0x00007ffe80490000 - 0x00007ffe8049e000 	C:\Program Files\Android\Android Studio1\jbr\bin\instrument.dll
0x00007ffe6e2e0000 - 0x00007ffe6e305000 	C:\Program Files\Android\Android Studio1\jbr\bin\java.dll
0x00007ffe83690000 - 0x00007ffe836a8000 	C:\Program Files\Android\Android Studio1\jbr\bin\zip.dll
0x00007ffe952d0000 - 0x00007ffe95a3c000 	C:\WINDOWS\System32\SHELL32.dll
0x00007ffe92660000 - 0x00007ffe92dfe000 	C:\WINDOWS\SYSTEM32\windows.storage.dll
0x00007ffe961e0000 - 0x00007ffe96533000 	C:\WINDOWS\System32\combase.dll
0x00007ffe94160000 - 0x00007ffe9418e000 	C:\WINDOWS\SYSTEM32\Wldp.dll
0x00007ffe960b0000 - 0x00007ffe9617d000 	C:\WINDOWS\System32\OLEAUT32.dll
0x00007ffe95220000 - 0x00007ffe952cd000 	C:\WINDOWS\System32\SHCORE.dll
0x00007ffe96620000 - 0x00007ffe96675000 	C:\WINDOWS\System32\shlwapi.dll
0x00007ffe94670000 - 0x00007ffe94694000 	C:\WINDOWS\SYSTEM32\profapi.dll
0x00007ffe7f6b0000 - 0x00007ffe7f6c9000 	C:\Program Files\Android\Android Studio1\jbr\bin\net.dll
0x00007ffe88ff0000 - 0x00007ffe890fa000 	C:\WINDOWS\SYSTEM32\WINHTTP.dll
0x00007ffe93ec0000 - 0x00007ffe93f2a000 	C:\WINDOWS\system32\mswsock.dll
0x00007ffe7d1e0000 - 0x00007ffe7d1f6000 	C:\Program Files\Android\Android Studio1\jbr\bin\nio.dll
0x00007ffe83470000 - 0x00007ffe83480000 	C:\Program Files\Android\Android Studio1\jbr\bin\verify.dll
0x00007ffe68880000 - 0x00007ffe688a7000 	C:\Users\Usuario\.gradle\native\c067742578af261105cb4f569cf0c3c89f3d7b1fecec35dd04571415982c5e48\windows-amd64\native-platform.dll
0x00007ffe3aed0000 - 0x00007ffe3b014000 	C:\Users\Usuario\.gradle\native\38dada09dfb8b06ba9b0570ebf7e218e3eb74d4ef43ca46872605cf95ebc2f47\windows-amd64\native-platform-file-events.dll
0x00007ffe8a230000 - 0x00007ffe8a239000 	C:\Program Files\Android\Android Studio1\jbr\bin\management.dll
0x00007ffe83770000 - 0x00007ffe8377b000 	C:\Program Files\Android\Android Studio1\jbr\bin\management_ext.dll
0x00007ffe95c70000 - 0x00007ffe95c78000 	C:\WINDOWS\System32\PSAPI.DLL
0x00007ffe940b0000 - 0x00007ffe940c8000 	C:\WINDOWS\SYSTEM32\CRYPTSP.dll
0x00007ffe93770000 - 0x00007ffe937a4000 	C:\WINDOWS\system32\rsaenh.dll
0x00007ffe945e0000 - 0x00007ffe9460e000 	C:\WINDOWS\SYSTEM32\USERENV.dll
0x00007ffe940d0000 - 0x00007ffe940dc000 	C:\WINDOWS\SYSTEM32\CRYPTBASE.dll
0x00007ffe93b50000 - 0x00007ffe93b8b000 	C:\WINDOWS\SYSTEM32\IPHLPAPI.DLL
0x00007ffe96fc0000 - 0x00007ffe96fc8000 	C:\WINDOWS\System32\NSI.dll
0x00007ffe8da20000 - 0x00007ffe8da37000 	C:\WINDOWS\SYSTEM32\dhcpcsvc6.DLL
0x00007ffe8da00000 - 0x00007ffe8da1d000 	C:\WINDOWS\SYSTEM32\dhcpcsvc.DLL
0x00007ffe93ba0000 - 0x00007ffe93c6a000 	C:\WINDOWS\SYSTEM32\DNSAPI.dll
0x00007ffe8c1c0000 - 0x00007ffe8c1c9000 	C:\Program Files\Android\Android Studio1\jbr\bin\extnet.dll
0x00007ffe0a940000 - 0x00007ffe0a947000 	C:\WINDOWS\system32\wshunix.dll

dbghelp: loaded successfully - version: 4.0.5 - missing functions: none
symbol engine: initialized successfully - sym options: 0x614 - pdb path: .;C:\Program Files\Android\Android Studio1\jbr\bin;C:\WINDOWS\SYSTEM32;C:\WINDOWS\WinSxS\amd64_microsoft.windows.common-controls_6595b64144ccf1df_6.0.19041.4355_none_60b8b9eb71f62e16;C:\Program Files\Android\Android Studio1\jbr\bin\server;C:\Users\Usuario\.gradle\native\c067742578af261105cb4f569cf0c3c89f3d7b1fecec35dd04571415982c5e48\windows-amd64;C:\Users\Usuario\.gradle\native\38dada09dfb8b06ba9b0570ebf7e218e3eb74d4ef43ca46872605cf95ebc2f47\windows-amd64

VM Arguments:
jvm_args: --add-opens=java.base/java.util=ALL-UNNAMED --add-opens=java.base/java.lang=ALL-UNNAMED --add-opens=java.base/java.lang.invoke=ALL-UNNAMED --add-opens=java.prefs/java.util.prefs=ALL-UNNAMED --add-opens=java.base/java.nio.charset=ALL-UNNAMED --add-opens=java.base/java.net=ALL-UNNAMED --add-opens=java.base/java.util.concurrent.atomic=ALL-UNNAMED -Xmx2048m -Dfile.encoding=UTF-8 -Duser.country=ES -Duser.language=es -Duser.variant -javaagent:C:\Users\Usuario\.gradle\wrapper\dists\gradle-8.7-bin\bhs2wmbdwecv87pi65oeuq5iu\gradle-8.7\lib\agents\gradle-instrumentation-agent-8.7.jar 
java_command: org.gradle.launcher.daemon.bootstrap.GradleDaemon 8.7
java_class_path (initial): C:\Users\Usuario\.gradle\wrapper\dists\gradle-8.7-bin\bhs2wmbdwecv87pi65oeuq5iu\gradle-8.7\lib\gradle-launcher-8.7.jar
Launcher Type: SUN_STANDARD

[Global flags]
     intx CICompilerCount                          = 4                                         {product} {ergonomic}
     uint ConcGCThreads                            = 2                                         {product} {ergonomic}
     uint G1ConcRefinementThreads                  = 8                                         {product} {ergonomic}
   size_t G1HeapRegionSize                         = 1048576                                   {product} {ergonomic}
    uintx GCDrainStackTargetSize                   = 64                                        {product} {ergonomic}
   size_t InitialHeapSize                          = 268435456                                 {product} {ergonomic}
   size_t MarkStackSize                            = 4194304                                   {product} {ergonomic}
   size_t MaxHeapSize                              = 2147483648                                {product} {command line}
   size_t MaxNewSize                               = 1287651328                                {product} {ergonomic}
   size_t MinHeapDeltaBytes                        = 1048576                                   {product} {ergonomic}
   size_t MinHeapSize                              = 8388608                                   {product} {ergonomic}
    uintx NonNMethodCodeHeapSize                   = 5839372                                {pd product} {ergonomic}
    uintx NonProfiledCodeHeapSize                  = 122909434                              {pd product} {ergonomic}
    uintx ProfiledCodeHeapSize                     = 122909434                              {pd product} {ergonomic}
    uintx ReservedCodeCacheSize                    = 251658240                              {pd product} {ergonomic}
     bool SegmentedCodeCache                       = true                                      {product} {ergonomic}
   size_t SoftMaxHeapSize                          = 2147483648                             {manageable} {ergonomic}
     bool UseCompressedClassPointers               = true                           {product lp64_product} {ergonomic}
     bool UseCompressedOops                        = true                           {product lp64_product} {ergonomic}
     bool UseG1GC                                  = true                                      {product} {ergonomic}
     bool UseLargePagesIndividualAllocation        = false                                  {pd product} {ergonomic}

Logging:
Log output configuration:
 #0: stdout all=warning uptime,level,tags
 #1: stderr all=off uptime,level,tags

Environment Variables:
JAVA_HOME=C:\Program Files\Java\jdk-11.0.13
CLASSPATH=C:\Program Files\Java\jdk-11.0.13;.;..\.
PATH=C:\Program Files\Common Files\Oracle\Java\javapath;C:\ProgramData\Oracle\Java\javapath;C:\Program Files (x86)\Intel\iCLS Client\;C:\Program Files\Intel\iCLS Client\;C:\windows\system32;C:\windows;C:\windows\System32\Wbem;C:\windows\System32\WindowsPowerShell\v1.0\;C:\Program Files (x86)\Intel\Intel(R) Management Engine Components\DAL;C:\Program Files\Intel\Intel(R) Management Engine Components\DAL;C:\Program Files (x86)\Intel\Intel(R) Management Engine Components\IPT;C:\Program Files\Intel\Intel(R) Management Engine Components\IPT;C:\Program Files (x86)\NVIDIA Corporation\PhysX\Common;C:\WINDOWS\system32;C:\WINDOWS;C:\WINDOWS\System32\Wbem;C:\WINDOWS\System32\WindowsPowerShell\v1.0\;C:\WINDOWS\System32\OpenSSH\;C:\Program Files (x86)\PuTTY\;C:\Program Files\PuTTY\;C:\Program Files\dotnet\;C:\Program Files\Intel\WiFi\bin\;C:\Program Files\Common Files\Intel\WirelessCommon\;C:\ProgramData\chocolatey\bin;C:\wamp64\bin\php\php5.6.40;C:\Program Files\Microsoft SQL Server\130\Tools\Binn\;C:\Program Files\Microsoft SQL Server\Client SDK\ODBC\170\Tools\Binn\;C:\Program Files\Java\jdk1.8.0_111\bin;D:\apache-maven-3.6.3\bin;C:\Program Files\NVIDIA Corporation\NVIDIA NvDLISR;C:\Program Files\Go\bin;D:\ProgramFiles\Symfony;C:\Program Files (x86)\MySQL\MySQL Server 5.0\bin;C:\Program Files\nodejs\;C:\Program Files\Microsoft SQL Server\150\Tools\Binn\;C:\xampp\php;C:\Users\Usuario\AppData\Local\Programs\Python\Python310;C:\Users\Usuario\AppData\Local\Programs\Python\Python310\Scripts;C:\Program Files\Git\cmd;C:\composer;C:\Users\Usuario\scoop\shims;C:\tizen-studio\tools\ide\bin;C:\Program Files\Java\jdk-12\bin;C:\Users\Usuario\AppData\Local\Programs\Microsoft VS Code\bin;C:\src\flutter\flutter\bin;C:\Users\Usuario\go\bin;C:\Users\Usuario\AppData\Local\Programs\Python\Python310;C:\Users\Usuario\AppData\Local\Programs\Python\Python310\Scripts;C:\Users\Usuario\AppData\Roaming\npm;C:\Program Files\Java\jdk-11.0.13\bin;C:\Users\Usuario\AppData\Roaming\Composer\vendor\bin;C:\Program 
USERNAME=Usuario
OS=Windows_NT
PROCESSOR_IDENTIFIER=Intel64 Family 6 Model 94 Stepping 3, GenuineIntel
TMP=C:\Users\Usuario\AppData\Local\Temp
TEMP=C:\Users\Usuario\AppData\Local\Temp



Periodic native trim disabled

JNI global refs:
JNI global refs: 26, weak refs: 0

JNI global refs memory usage: 843, weak refs: 841

OOME stack traces (most recent first):
Classloader memory used:
Loader org.gradle.internal.classloader.VisitableURLClassLoader                         : 3601K
Loader bootstrap                                                                       : 2449K
Loader org.gradle.initialization.MixInLegacyTypesClassLoader                           : 1085K
Loader org.gradle.internal.classloader.VisitableURLClassLoader                         : 108K
Loader org.gradle.internal.classloader.VisitableURLClassLoader$InstrumentingVisitableURLClassLoader: 90754B
Loader jdk.internal.loader.ClassLoaders$PlatformClassLoader                            : 67045B
Loader jdk.internal.reflect.DelegatingClassLoader                                      : 36380B
Loader jdk.internal.loader.ClassLoaders$AppClassLoader                                 : 28714B
Loader org.gradle.groovy.scripts.internal.DefaultScriptCompilationHandler$ScriptClassLoader: 20418B
Loader org.codehaus.groovy.runtime.callsite.CallSiteClassLoader                        : 7598B

Classes loaded by more than one classloader:
Class org.gradle.internal.Cast                                                        : loaded 3 times (x 69B)
Class org.gradle.api.GradleException                                                  : loaded 3 times (x 80B)
Class org.jetbrains.plugins.gradle.model.MavenRepositoryModel                         : loaded 2 times (x 68B)
Class org.gradle.internal.classpath.ClassPath                                         : loaded 2 times (x 68B)
Class org.gradle.api.internal.classpath.DefaultModuleRegistry                         : loaded 2 times (x 84B)
Class org.gradle.internal.exceptions.NonGradleCauseExceptionsHolder                   : loaded 2 times (x 68B)
Class org.gradle.api.Action                                                           : loaded 2 times (x 68B)
Class org.jetbrains.kotlin.idea.gradleTooling.model.samWithReceiver.SamWithReceiverModel: loaded 2 times (x 68B)
Class org.jetbrains.plugins.gradle.model.ExternalProject                              : loaded 2 times (x 68B)
Class org.jetbrains.plugins.gradle.model.IntelliJSettings                             : loaded 2 times (x 68B)
Class org.jetbrains.kotlin.idea.gradleTooling.KotlinMPPGradleModel                    : loaded 2 times (x 68B)
Class org.gradle.api.internal.DefaultClassPathProvider                                : loaded 2 times (x 74B)
Class org.gradle.internal.installation.GradleInstallation$1                           : loaded 2 times (x 73B)
Class org.gradle.internal.exceptions.DefaultMultiCauseException                       : loaded 2 times (x 93B)
Class org.gradle.tooling.model.UnsupportedMethodException                             : loaded 2 times (x 80B)
Class org.gradle.internal.time.MonotonicClock                                         : loaded 2 times (x 75B)
Class org.gradle.util.GradleVersion                                                   : loaded 2 times (x 81B)
Class org.gradle.tooling.model.Model                                                  : loaded 2 times (x 68B)
Class org.gradle.internal.classpath.DefaultClassPath$ImmutableUniqueList$Builder      : loaded 2 times (x 73B)
Class org.jetbrains.kotlin.idea.gradleTooling.KotlinSourceSetContainer                : loaded 2 times (x 68B)
Class org.gradle.internal.classloader.ClassLoaderVisitor                              : loaded 2 times (x 74B)
Class settings_a97ge3hlx3ln3mh4x4hcnqhn2$_run_closure1                                : loaded 2 times (x 137B)
Class org.gradle.internal.time.DefaultCountdownTimer                                  : loaded 2 times (x 86B)
Class org.gradle.internal.service.DefaultServiceLocator                               : loaded 2 times (x 81B)
Class org.jetbrains.plugins.gradle.model.jar.JarTaskManifestConfiguration             : loaded 2 times (x 68B)
Class org.gradle.internal.service.UnknownServiceException                             : loaded 2 times (x 81B)
Class org.jetbrains.plugins.gradle.model.DependencyAccessorsModel                     : loaded 2 times (x 68B)
Class org.gradle.internal.classloader.DefaultClassLoaderFactory                       : loaded 2 times (x 80B)
Class org.jetbrains.plugins.gradle.model.GradleExtensions                             : loaded 2 times (x 68B)
Class org.jetbrains.plugins.gradle.model.VersionCatalogsModel                         : loaded 2 times (x 68B)
Class org.gradle.internal.classloader.VisitableURLClassLoader$Spec                    : loaded 2 times (x 72B)
Class org.gradle.tooling.model.ProjectModel                                           : loaded 2 times (x 68B)
Class org.gradle.internal.classloader.FilteringClassLoader                            : loaded 2 times (x 103B)
Class org.gradle.tooling.internal.gradle.DefaultProjectIdentifier                     : loaded 2 times (x 84B)
Class org.gradle.api.internal.classpath.ModuleRegistry                                : loaded 2 times (x 68B)
Class org.jetbrains.plugins.gradle.model.RepositoriesModel                            : loaded 2 times (x 68B)
Class org.gradle.api.internal.ClassPathProvider                                       : loaded 2 times (x 68B)
Class org.gradle.internal.classloader.ClasspathUtil$1                                 : loaded 2 times (x 74B)
Class sync_studio_tooling11_4jxsi0ts50h0zf2qlppt5tzy4$_run_closure1                   : loaded 2 times (x 137B)
Class org.gradle.internal.classloader.ClassLoaderFactory                              : loaded 2 times (x 68B)
Class org.gradle.api.internal.classpath.ManifestUtil                                  : loaded 2 times (x 69B)
Class org.gradle.api.specs.Spec                                                       : loaded 2 times (x 68B)
Class org.gradle.tooling.internal.gradle.GradleBuildIdentity                          : loaded 2 times (x 68B)
Class org.gradle.internal.IoActions                                                   : loaded 2 times (x 69B)
Class org.gradle.api.internal.classpath.EffectiveClassPath                            : loaded 2 times (x 88B)
Class org.gradle.internal.exceptions.ResolutionProvider                               : loaded 2 times (x 68B)
Class org.jetbrains.kotlin.idea.gradleTooling.model.annotation.AnnotationBasedPluginModel: loaded 2 times (x 68B)
Class org.jetbrains.kotlin.idea.gradleTooling.model.assignment.AssignmentModel        : loaded 2 times (x 68B)
Class org.gradle.internal.installation.CurrentGradleInstallation                      : loaded 2 times (x 71B)
Class org.gradle.internal.agents.InstrumentingClassLoader                             : loaded 2 times (x 68B)
Class org.gradle.internal.installation.CurrentGradleInstallationLocator               : loaded 2 times (x 69B)
Class org.gradle.api.internal.classpath.Module                                        : loaded 2 times (x 68B)
Class org.gradle.internal.service.CachingServiceLocator                               : loaded 2 times (x 80B)
Class org.gradle.internal.time.Timer                                                  : loaded 2 times (x 68B)
Class org.jetbrains.kotlin.idea.gradleTooling.KotlinDslScriptAdditionalTask           : loaded 2 times (x 68B)
Class org.jetbrains.plugins.gradle.model.tests.ExternalTestsModel                     : loaded 2 times (x 68B)
Class org.gradle.internal.classpath.DefaultClassPath                                  : loaded 2 times (x 88B)
Class com.intellij.openapi.externalSystem.model.project.dependencies.ProjectDependencies: loaded 2 times (x 68B)
Class org.jetbrains.kotlin.idea.gradleTooling.PrepareKotlinIdeImportTaskModel         : loaded 2 times (x 68B)
Class org.gradle.internal.impldep.com.google.common.base.Preconditions                : loaded 2 times (x 69B)
Class org.gradle.internal.time.Time                                                   : loaded 2 times (x 69B)
Class org.gradle.internal.time.TimeSource$1                                           : loaded 2 times (x 75B)
Class org.gradle.internal.classloader.SystemClassLoaderSpec                           : loaded 2 times (x 69B)
Class settings_a97ge3hlx3ln3mh4x4hcnqhn2$_run_closure1$_closure2                      : loaded 2 times (x 137B)
Class kotlin.Function                                                                 : loaded 2 times (x 68B)
Class org.gradle.api.UncheckedIOException                                             : loaded 2 times (x 80B)
Class org.gradle.tooling.internal.gradle.GradleProjectIdentity                        : loaded 2 times (x 68B)
Class org.gradle.internal.time.CountdownTimer                                         : loaded 2 times (x 68B)
Class org.gradle.internal.time.Clock                                                  : loaded 2 times (x 68B)
Class org.gradle.internal.classloader.ClasspathUtil                                   : loaded 2 times (x 69B)
Class org.gradle.tooling.model.BuildIdentifier                                        : loaded 2 times (x 68B)
Class org.gradle.api.internal.DefaultClassPathRegistry                                : loaded 2 times (x 74B)
Class org.gradle.api.internal.classpath.DefaultModuleRegistry$DefaultModule           : loaded 2 times (x 84B)
Class sync_studio_tooling11_4jxsi0ts50h0zf2qlppt5tzy4                                 : loaded 2 times (x 177B)
Class org.gradle.internal.time.TimeSource                                             : loaded 2 times (x 68B)
Class org.jetbrains.kotlin.android.synthetic.idea.AndroidExtensionsGradleModel        : loaded 2 times (x 68B)
Class org.gradle.api.internal.classpath.UnknownModuleException                        : loaded 2 times (x 80B)
Class ijInit1_23rxrqouhm0eodqwa62g83x6h                                               : loaded 2 times (x 177B)
Class org.jetbrains.plugins.gradle.model.IntelliJProjectSettings                      : loaded 2 times (x 68B)
Class org.gradle.internal.service.ServiceLookupException                              : loaded 2 times (x 80B)
Class org.gradle.cache.GlobalCache                                                    : loaded 2 times (x 68B)
Class org.jetbrains.kotlin.idea.gradleTooling.model.lombok.LombokModel                : loaded 2 times (x 68B)
Class org.gradle.tooling.model.ProjectIdentifier                                      : loaded 2 times (x 68B)
Class [Lorg.gradle.api.internal.ClassPathProvider;                                    : loaded 2 times (x 67B)
Class org.gradle.internal.operations.MultipleBuildOperationFailures                   : loaded 2 times (x 93B)
Class org.gradle.util.internal.GUtil                                                  : loaded 2 times (x 69B)
Class org.jetbrains.plugins.gradle.model.AnnotationProcessingModel                    : loaded 2 times (x 68B)
Class org.gradle.internal.classloader.ClassLoaderSpec                                 : loaded 2 times (x 69B)
Class org.gradle.internal.classloader.VisitableURLClassLoader                         : loaded 2 times (x 115B)
Class org.gradle.internal.installation.GradleInstallation                             : loaded 2 times (x 73B)
Class org.gradle.api.internal.ClassPathRegistry                                       : loaded 2 times (x 68B)
Class org.gradle.internal.classloader.VisitableURLClassLoader$InstrumentingVisitableURLClassLoader: loaded 2 times (x 121B)
Class org.gradle.internal.classloader.ClassLoaderHierarchy                            : loaded 2 times (x 68B)
Class org.gradle.internal.exceptions.MultiCauseException                              : loaded 2 times (x 68B)
Class org.jetbrains.kotlin.idea.gradleTooling.model.parcelize.ParcelizeGradleModel    : loaded 2 times (x 68B)
Class org.gradle.internal.InternalTransformer                                         : loaded 2 times (x 68B)
Class org.jetbrains.kotlin.idea.gradleTooling.model.noarg.NoArgModel                  : loaded 2 times (x 68B)
Class org.jetbrains.kotlin.idea.gradleTooling.KotlinGradleModel                       : loaded 2 times (x 68B)
Class org.gradle.tooling.internal.gradle.DefaultBuildIdentifier                       : loaded 2 times (x 77B)
Class org.gradle.internal.service.ServiceLocator                                      : loaded 2 times (x 68B)
Class settings_a97ge3hlx3ln3mh4x4hcnqhn2                                              : loaded 2 times (x 177B)
Class org.jetbrains.kotlin.idea.gradleTooling.model.allopen.AllOpenModel              : loaded 2 times (x 68B)
Class org.gradle.internal.classpath.DefaultClassPath$ImmutableUniqueList              : loaded 2 times (x 159B)
Class org.gradle.internal.time.DefaultTimer                                           : loaded 2 times (x 78B)
Class org.gradle.internal.classpath.TransformedClassPath                              : loaded 2 times (x 94B)


---------------  S Y S T E M  ---------------

OS:
 Windows 10 , 64 bit Build 19041 (10.0.19041.4597)
OS uptime: 3 days 21:04 hours

CPU: total 8 (initial active 8) (4 cores per cpu, 2 threads per core) family 6 model 94 stepping 3 microcode 0xcc, cx8, cmov, fxsr, ht, mmx, 3dnowpref, sse, sse2, sse3, ssse3, sse4.1, sse4.2, popcnt, lzcnt, tsc, tscinvbit, avx, avx2, aes, erms, clmul, bmi1, bmi2, rtm, adx, fma, vzeroupper, clflush, clflushopt
Processor Information for all 8 processors :
  Max Mhz: 2592, Current Mhz: 2592, Mhz Limit: 2592

Memory: 4k page, system-wide physical 16273M (1748M free)
TotalPageFile size 16273M (AvailPageFile size 11M)
current process WorkingSet (physical memory assigned to process): 323M, peak: 343M
current process commit charge ("private bytes"): 441M, peak: 487M

vm_info: OpenJDK 64-Bit Server VM (17.0.10+0--11609105) for windows-amd64 JRE (17.0.10+0--11609105), built on Mar 21 2024 19:10:56 by "androidbuild" with MS VC++ 16.10 / 16.11 (VS2019)

END.
